 srun -n 4 ./mpi_2dmesh -i ../data/zebra-gray-int8-4x -x 7112 -y 5146 -g 1  
Hello world, I'm rank 1 of 4 total ranks running on <nid004530>
Hello world, I'm rank 2 of 4 total ranks running on <nid004531>
Hello world, I'm rank 3 of 4 total ranks running on <nid004532>
Hello world, I'm rank 0 of 4 total ranks running on <nid004529>


Timing results from rank 0: 
	Scatter time:	36.1298 (ms) 
	Sobel time:	55.7336 (ms) 
	Gather time:	9.9962 (ms) 
total messages sent: 6
total data movement: 219618560.000000
 srun -n 4 ./mpi_2dmesh -i ../data/zebra-gray-int8-4x -x 7112 -y 5146 -g 2  
srun: Job 18125836 step creation temporarily disabled, retrying (Requested nodes are busy)
srun: Step created for StepId=18125836.1
Hello world, I'm rank 1 of 4 total ranks running on <nid004530>
Hello world, I'm rank 2 of 4 total ranks running on <nid004531>
Hello world, I'm rank 3 of 4 total ranks running on <nid004532>
Hello world, I'm rank 0 of 4 total ranks running on <nid004529>


Timing results from rank 0: 
	Scatter time:	38.7964 (ms) 
	Sobel time:	55.3479 (ms) 
	Gather time:	33.0771 (ms) 
total messages sent: 6
total data movement: 219590112.000000
 srun -n 4 ./mpi_2dmesh -i ../data/zebra-gray-int8-4x -x 7112 -y 5146 -g 3  
Hello world, I'm rank 2 of 4 total ranks running on <nid004531>
Hello world, I'm rank 1 of 4 total ranks running on <nid004530>
Hello world, I'm rank 0 of 4 total ranks running on <nid004529>


Timing results from rank 0: 
	Scatter time:	37.0004 (ms) 
	Sobel time:	55.7660 (ms) 
	Gather time:	31.0349 (ms) 
total messages sent: 6
total data movement: 219590112.000000
Hello world, I'm rank 3 of 4 total ranks running on <nid004532>
 srun -n 9 ./mpi_2dmesh -i ../data/zebra-gray-int8-4x -x 7112 -y 5146 -g 1  
Hello world, I'm rank 4 of 9 total ranks running on <nid004530>
Hello world, I'm rank 3 of 9 total ranks running on <nid004530>
Hello world, I'm rank 7 of 9 total ranks running on <nid004532>
Hello world, I'm rank 5 of 9 total ranks running on <nid004531>
Hello world, I'm rank 6 of 9 total ranks running on <nid004531>
Hello world, I'm rank 8 of 9 total ranks running on <nid004532>
Hello world, I'm rank 1 of 9 total ranks running on <nid004529>
Hello world, I'm rank 2 of 9 total ranks running on <nid004529>
Hello world, I'm rank 0 of 9 total ranks running on <nid004529>


Timing results from rank 0: 
	Scatter time:	14.8989 (ms) 
	Sobel time:	27.9094 (ms) 
	Gather time:	13.0533 (ms) 
total messages sent: 16
total data movement: 260299200.000000
 srun -n 9 ./mpi_2dmesh -i ../data/zebra-gray-int8-4x -x 7112 -y 5146 -g 2  
Hello world, I'm rank 4 of 9 total ranks running on <nid004530>
Hello world, I'm rank 5 of 9 total ranks running on <nid004531>
Hello world, I'm rank 3 of 9 total ranks running on <nid004530>
Hello world, I'm rank 6 of 9 total ranks running on <nid004531>
Hello world, I'm rank 7 of 9 total ranks running on <nid004532>
Hello world, I'm rank 8 of 9 total ranks running on <nid004532>
Hello world, I'm rank 1 of 9 total ranks running on <nid004529>
Hello world, I'm rank 2 of 9 total ranks running on <nid004529>
Hello world, I'm rank 0 of 9 total ranks running on <nid004529>


Timing results from rank 0: 
	Scatter time:	41.0218 (ms) 
	Sobel time:	24.7235 (ms) 
	Gather time:	29.3855 (ms) 
total messages sent: 16
total data movement: 260264096.000000
 srun -n 9 ./mpi_2dmesh -i ../data/zebra-gray-int8-4x -x 7112 -y 5146 -g 3  
srun: Job 18125836 step creation temporarily disabled, retrying (Requested nodes are busy)
srun: Step created for StepId=18125836.5
Hello world, I'm rank 4 of 9 total ranks running on <nid004530>
Hello world, I'm rank 8 of 9 total ranks running on <nid004532>
Hello world, I'm rank 6 of 9 total ranks running on <nid004531>
Hello world, I'm rank 3 of 9 total ranks running on <nid004530>
Hello world, I'm rank 2 of 9 total ranks running on <nid004529>
Hello world, I'm rank 7 of 9 total ranks running on <nid004532>
Hello world, I'm rank 5 of 9 total ranks running on <nid004531>
Hello world, I'm rank 1 of 9 total ranks running on <nid004529>
Hello world, I'm rank 0 of 9 total ranks running on <nid004529>


Timing results from rank 0: 
	Scatter time:	34.2157 (ms) 
	Sobel time:	26.2480 (ms) 
	Gather time:	24.3850 (ms) 
total messages sent: 16
total data movement: 260270416.000000
 srun -n 16 ./mpi_2dmesh -i ../data/zebra-gray-int8-4x -x 7112 -y 5146 -g 1  
srun: Job 18125836 step creation temporarily disabled, retrying (Requested nodes are busy)
srun: Step created for StepId=18125836.6
Hello world, I'm rank 1 of 16 total ranks running on <nid004529>
Hello world, I'm rank 13 of 16 total ranks running on <nid004532>
Hello world, I'm rank 7 of 16 total ranks running on <nid004530>
Hello world, I'm rank 4 of 16 total ranks running on <nid004530>
Hello world, I'm rank 10 of 16 total ranks running on <nid004531>
Hello world, I'm rank 3 of 16 total ranks running on <nid004529>
Hello world, I'm rank 8 of 16 total ranks running on <nid004531>
Hello world, I'm rank 12 of 16 total ranks running on <nid004532>
Hello world, I'm rank 6 of 16 total ranks running on <nid004530>
Hello world, I'm rank 2 of 16 total ranks running on <nid004529>
Hello world, I'm rank 11 of 16 total ranks running on <nid004531>
Hello world, I'm rank 14 of 16 total ranks running on <nid004532>
Hello world, I'm rank 15 of 16 total ranks running on <nid004532>
Hello world, I'm rank 5 of 16 total ranks running on <nid004530>
Hello world, I'm rank 9 of 16 total ranks running on <nid004531>
Hello world, I'm rank 0 of 16 total ranks running on <nid004529>


Timing results from rank 0: 
	Scatter time:	12.8102 (ms) 
	Sobel time:	14.1221 (ms) 
	Gather time:	12.5821 (ms) 
total messages sent: 30
total data movement: 274523200.000000
 srun -n 16 ./mpi_2dmesh -i ../data/zebra-gray-int8-4x -x 7112 -y 5146 -g 2  
Hello world, I'm rank 5 of 16 total ranks running on <nid004530>
Hello world, I'm rank 8 of 16 total ranks running on <nid004531>
Hello world, I'm rank 13 of 16 total ranks running on <nid004532>
Hello world, I'm rank 2 of 16 total ranks running on <nid004529>
Hello world, I'm rank 9 of 16 total ranks running on <nid004531>
Hello world, I'm rank 3 of 16 total ranks running on <nid004529>
Hello world, I'm rank 10 of 16 total ranks running on <nid004531>
Hello world, I'm rank 14 of 16 total ranks running on <nid004532>
Hello world, I'm rank 6 of 16 total ranks running on <nid004530>
Hello world, I'm rank 1 of 16 total ranks running on <nid004529>
Hello world, I'm rank 7 of 16 total ranks running on <nid004530>
Hello world, I'm rank 15 of 16 total ranks running on <nid004532>
Hello world, I'm rank 11 of 16 total ranks running on <nid004531>
Hello world, I'm rank 4 of 16 total ranks running on <nid004530>
Hello world, I'm rank 12 of 16 total ranks running on <nid004532>
Hello world, I'm rank 0 of 16 total ranks running on <nid004529>


Timing results from rank 0: 
	Scatter time:	39.5442 (ms) 
	Sobel time:	14.5488 (ms) 
	Gather time:	32.1143 (ms) 
total messages sent: 30
total data movement: 274508224.000000
 srun -n 16 ./mpi_2dmesh -i ../data/zebra-gray-int8-4x -x 7112 -y 5146 -g 3  
srun: error: Unable to create step for job 18125836: Unexpected message received
 srun -n 25 ./mpi_2dmesh -i ../data/zebra-gray-int8-4x -x 7112 -y 5146 -g 1  
Hello world, I'm rank 16 of 25 total ranks running on <nid004531>
Hello world, I'm rank 3 of 25 total ranks running on <nid004529>
Hello world, I'm rank 9 of 25 total ranks running on <nid004530>
Hello world, I'm rank 24 of 25 total ranks running on <nid004532>
Hello world, I'm rank 5 of 25 total ranks running on <nid004529>
Hello world, I'm rank 10 of 25 total ranks running on <nid004530>
Hello world, I'm rank 7 of 25 total ranks running on <nid004530>
Hello world, I'm rank 21 of 25 total ranks running on <nid004532>
Hello world, I'm rank 17 of 25 total ranks running on <nid004531>
Hello world, I'm rank 8 of 25 total ranks running on <nid004530>
Hello world, I'm rank 18 of 25 total ranks running on <nid004531>
Hello world, I'm rank 11 of 25 total ranks running on <nid004530>
Hello world, I'm rank 22 of 25 total ranks running on <nid004532>
Hello world, I'm rank 15 of 25 total ranks running on <nid004531>
Hello world, I'm rank 14 of 25 total ranks running on <nid004531>
Hello world, I'm rank 1 of 25 total ranks running on <nid004529>
Hello world, I'm rank 12 of 25 total ranks running on <nid004530>
Hello world, I'm rank 2 of 25 total ranks running on <nid004529>
Hello world, I'm rank 23 of 25 total ranks running on <nid004532>
Hello world, I'm rank 4 of 25 total ranks running on <nid004529>
Hello world, I'm rank 19 of 25 total ranks running on <nid004532>
Hello world, I'm rank 13 of 25 total ranks running on <nid004531>
Hello world, I'm rank 6 of 25 total ranks running on <nid004529>
Hello world, I'm rank 20 of 25 total ranks running on <nid004532>
Hello world, I'm rank 0 of 25 total ranks running on <nid004529>


Timing results from rank 0: 
	Scatter time:	12.5706 (ms) 
	Sobel time:	10.4583 (ms) 
	Gather time:	13.7490 (ms) 
total messages sent: 48
total data movement: 281123136.000000
 srun -n 25 ./mpi_2dmesh -i ../data/zebra-gray-int8-4x -x 7112 -y 5146 -g 2  
srun: Job 18125836 step creation temporarily disabled, retrying (Requested nodes are busy)
srun: Step created for StepId=18125836.10
Hello world, I'm rank 9 of 25 total ranks running on <nid004530>
Hello world, I'm rank 15 of 25 total ranks running on <nid004531>
Hello world, I'm rank 12 of 25 total ranks running on <nid004530>
Hello world, I'm rank 11 of 25 total ranks running on <nid004530>
Hello world, I'm rank 20 of 25 total ranks running on <nid004532>
Hello world, I'm rank 10 of 25 total ranks running on <nid004530>
Hello world, I'm rank 22 of 25 total ranks running on <nid004532>
Hello world, I'm rank 16 of 25 total ranks running on <nid004531>
Hello world, I'm rank 23 of 25 total ranks running on <nid004532>
Hello world, I'm rank 1 of 25 total ranks running on <nid004529>
Hello world, I'm rank 5 of 25 total ranks running on <nid004529>
Hello world, I'm rank 24 of 25 total ranks running on <nid004532>
Hello world, I'm rank 17 of 25 total ranks running on <nid004531>
Hello world, I'm rank 8 of 25 total ranks running on <nid004530>
Hello world, I'm rank 19 of 25 total ranks running on <nid004532>
Hello world, I'm rank 6 of 25 total ranks running on <nid004529>
Hello world, I'm rank 7 of 25 total ranks running on <nid004530>
Hello world, I'm rank 2 of 25 total ranks running on <nid004529>
Hello world, I'm rank 13 of 25 total ranks running on <nid004531>
Hello world, I'm rank 21 of 25 total ranks running on <nid004532>
Hello world, I'm rank 4 of 25 total ranks running on <nid004529>
Hello world, I'm rank 18 of 25 total ranks running on <nid004531>
Hello world, I'm rank 14 of 25 total ranks running on <nid004531>
Hello world, I'm rank 3 of 25 total ranks running on <nid004529>
Hello world, I'm rank 0 of 25 total ranks running on <nid004529>


Timing results from rank 0: 
	Scatter time:	41.2830 (ms) 
	Sobel time:	13.1955 (ms) 
	Gather time:	32.7763 (ms) 
total messages sent: 48
total data movement: 281095104.000000
 srun -n 25 ./mpi_2dmesh -i ../data/zebra-gray-int8-4x -x 7112 -y 5146 -g 3  
srun: Job 18125836 step creation temporarily disabled, retrying (Requested nodes are busy)
srun: Step created for StepId=18125836.11
Hello world, I'm rank 15 of 25 total ranks running on <nid004531>
Hello world, I'm rank 6 of 25 total ranks running on <nid004529>
Hello world, I'm rank 24 of 25 total ranks running on <nid004532>
Hello world, I'm rank 8 of 25 total ranks running on <nid004530>
Hello world, I'm rank 14 of 25 total ranks running on <nid004531>
Hello world, I'm rank 7 of 25 total ranks running on <nid004530>
Hello world, I'm rank 16 of 25 total ranks running on <nid004531>
Hello world, I'm rank 20 of 25 total ranks running on <nid004532>
Hello world, I'm rank 11 of 25 total ranks running on <nid004530>
Hello world, I'm rank 21 of 25 total ranks running on <nid004532>
Hello world, I'm rank 10 of 25 total ranks running on <nid004530>
Hello world, I'm rank 23 of 25 total ranks running on <nid004532>
Hello world, I'm rank 17 of 25 total ranks running on <nid004531>
Hello world, I'm rank 2 of 25 total ranks running on <nid004529>
Hello world, I'm rank 19 of 25 total ranks running on <nid004532>
Hello world, I'm rank 9 of 25 total ranks running on <nid004530>
Hello world, I'm rank 13 of 25 total ranks running on <nid004531>
Hello world, I'm rank 12 of 25 total ranks running on <nid004530>
Hello world, I'm rank 1 of 25 total ranks running on <nid004529>
Hello world, I'm rank 4 of 25 total ranks running on <nid004529>
Hello world, I'm rank 22 of 25 total ranks running on <nid004532>
Hello world, I'm rank 5 of 25 total ranks running on <nid004529>
Hello world, I'm rank 18 of 25 total ranks running on <nid004531>
Hello world, I'm rank 3 of 25 total ranks running on <nid004529>
Hello world, I'm rank 0 of 25 total ranks running on <nid004529>


Timing results from rank 0: 
	Scatter time:	31.8767 (ms) 
	Sobel time:	9.3703 (ms) 
	Gather time:	24.9489 (ms) 
total messages sent: 48
total data movement: 281080912.000000
 srun -n 36 ./mpi_2dmesh -i ../data/zebra-gray-int8-4x -x 7112 -y 5146 -g 1  
srun: Job 18125836 step creation temporarily disabled, retrying (Requested nodes are busy)
srun: Step created for StepId=18125836.12
Hello world, I'm rank 20 of 36 total ranks running on <nid004531>
Hello world, I'm rank 14 of 36 total ranks running on <nid004530>
Hello world, I'm rank 34 of 36 total ranks running on <nid004532>
Hello world, I'm rank 19 of 36 total ranks running on <nid004531>
Hello world, I'm rank 16 of 36 total ranks running on <nid004530>
Hello world, I'm rank 8 of 36 total ranks running on <nid004529>
Hello world, I'm rank 7 of 36 total ranks running on <nid004529>
Hello world, I'm rank 21 of 36 total ranks running on <nid004531>
Hello world, I'm rank 35 of 36 total ranks running on <nid004532>
Hello world, I'm rank 15 of 36 total ranks running on <nid004530>
Hello world, I'm rank 28 of 36 total ranks running on <nid004532>
Hello world, I'm rank 24 of 36 total ranks running on <nid004531>
Hello world, I'm rank 25 of 36 total ranks running on <nid004531>
Hello world, I'm rank 33 of 36 total ranks running on <nid004532>
Hello world, I'm rank 13 of 36 total ranks running on <nid004530>
Hello world, I'm rank 4 of 36 total ranks running on <nid004529>
Hello world, I'm rank 11 of 36 total ranks running on <nid004530>
Hello world, I'm rank 1 of 36 total ranks running on <nid004529>
Hello world, I'm rank 12 of 36 total ranks running on <nid004530>
Hello world, I'm rank 30 of 36 total ranks running on <nid004532>
Hello world, I'm rank 9 of 36 total ranks running on <nid004530>
Hello world, I'm rank 10 of 36 total ranks running on <nid004530>
Hello world, I'm rank 29 of 36 total ranks running on <nid004532>
Hello world, I'm rank 5 of 36 total ranks running on <nid004529>
Hello world, I'm rank 27 of 36 total ranks running on <nid004532>
Hello world, I'm rank 2 of 36 total ranks running on <nid004529>
Hello world, I'm rank 6 of 36 total ranks running on <nid004529>
Hello world, I'm rank 31 of 36 total ranks running on <nid004532>
Hello world, I'm rank 17 of 36 total ranks running on <nid004530>
Hello world, I'm rank 32 of 36 total ranks running on <nid004532>
Hello world, I'm rank 3 of 36 total ranks running on <nid004529>
Hello world, I'm rank 22 of 36 total ranks running on <nid004531>
Hello world, I'm rank 23 of 36 total ranks running on <nid004531>
Hello world, I'm rank 18 of 36 total ranks running on <nid004531>
Hello world, I'm rank 26 of 36 total ranks running on <nid004531>
Hello world, I'm rank 0 of 36 total ranks running on <nid004529>


Timing results from rank 0: 
	Scatter time:	14.9624 (ms) 
	Sobel time:	8.3755 (ms) 
	Gather time:	14.3987 (ms) 
total messages sent: 70
total data movement: 284707584.000000
 srun -n 36 ./mpi_2dmesh -i ../data/zebra-gray-int8-4x -x 7112 -y 5146 -g 2  
srun: Job 18125836 step creation temporarily disabled, retrying (Requested nodes are busy)
srun: Step created for StepId=18125836.13
Hello world, I'm rank 15 of 36 total ranks running on <nid004530>
Hello world, I'm rank 28 of 36 total ranks running on <nid004532>
Hello world, I'm rank 20 of 36 total ranks running on <nid004531>
Hello world, I'm rank 34 of 36 total ranks running on <nid004532>
Hello world, I'm rank 10 of 36 total ranks running on <nid004530>
Hello world, I'm rank 11 of 36 total ranks running on <nid004530>
Hello world, I'm rank 21 of 36 total ranks running on <nid004531>
Hello world, I'm rank 29 of 36 total ranks running on <nid004532>
Hello world, I'm rank 22 of 36 total ranks running on <nid004531>
Hello world, I'm rank 26 of 36 total ranks running on <nid004531>
Hello world, I'm rank 5 of 36 total ranks running on <nid004529>
Hello world, I'm rank 8 of 36 total ranks running on <nid004529>
Hello world, I'm rank 27 of 36 total ranks running on <nid004532>
Hello world, I'm rank 1 of 36 total ranks running on <nid004529>
Hello world, I'm rank 23 of 36 total ranks running on <nid004531>
Hello world, I'm rank 24 of 36 total ranks running on <nid004531>
Hello world, I'm rank 18 of 36 total ranks running on <nid004531>
Hello world, I'm rank 2 of 36 total ranks running on <nid004529>
Hello world, I'm rank 3 of 36 total ranks running on <nid004529>
Hello world, I'm rank 6 of 36 total ranks running on <nid004529>
Hello world, I'm rank 25 of 36 total ranks running on <nid004531>
Hello world, I'm rank 35 of 36 total ranks running on <nid004532>
Hello world, I'm rank 14 of 36 total ranks running on <nid004530>
Hello world, I'm rank 12 of 36 total ranks running on <nid004530>
Hello world, I'm rank 13 of 36 total ranks running on <nid004530>
Hello world, I'm rank 4 of 36 total ranks running on <nid004529>
Hello world, I'm rank 19 of 36 total ranks running on <nid004531>
Hello world, I'm rank 9 of 36 total ranks running on <nid004530>
Hello world, I'm rank 30 of 36 total ranks running on <nid004532>
Hello world, I'm rank 7 of 36 total ranks running on <nid004529>
Hello world, I'm rank 31 of 36 total ranks running on <nid004532>
Hello world, I'm rank 0 of 36 total ranks running on <nid004529>


Timing results from rank 0: 
	Scatter time:	35.8249 (ms) 
	Sobel time:	6.7267 (ms) 
	Gather time:	30.2445 (ms) 
total messages sent: 70
total data movement: 284676720.000000
Hello world, I'm rank 33 of 36 total ranks running on <nid004532>
Hello world, I'm rank 17 of 36 total ranks running on <nid004530>
Hello world, I'm rank 32 of 36 total ranks running on <nid004532>
Hello world, I'm rank 16 of 36 total ranks running on <nid004530>
 srun -n 36 ./mpi_2dmesh -i ../data/zebra-gray-int8-4x -x 7112 -y 5146 -g 3  
srun: Job 18125836 step creation temporarily disabled, retrying (Requested nodes are busy)
srun: Step created for StepId=18125836.14
Hello world, I'm rank 15 of 36 total ranks running on <nid004530>
Hello world, I'm rank 26 of 36 total ranks running on <nid004531>
Hello world, I'm rank 8 of 36 total ranks running on <nid004529>
Hello world, I'm rank 5 of 36 total ranks running on <nid004529>
Hello world, I'm rank 28 of 36 total ranks running on <nid004532>
Hello world, I'm rank 11 of 36 total ranks running on <nid004530>
Hello world, I'm rank 25 of 36 total ranks running on <nid004531>
Hello world, I'm rank 12 of 36 total ranks running on <nid004530>
Hello world, I'm rank 16 of 36 total ranks running on <nid004530>
Hello world, I'm rank 24 of 36 total ranks running on <nid004531>
Hello world, I'm rank 27 of 36 total ranks running on <nid004532>
Hello world, I'm rank 19 of 36 total ranks running on <nid004531>
Hello world, I'm rank 17 of 36 total ranks running on <nid004530>
Hello world, I'm rank 34 of 36 total ranks running on <nid004532>
Hello world, I'm rank 23 of 36 total ranks running on <nid004531>
Hello world, I'm rank 14 of 36 total ranks running on <nid004530>
Hello world, I'm rank 9 of 36 total ranks running on <nid004530>
Hello world, I'm rank 13 of 36 total ranks running on <nid004530>
Hello world, I'm rank 22 of 36 total ranks running on <nid004531>
Hello world, I'm rank 30 of 36 total ranks running on <nid004532>
Hello world, I'm rank 18 of 36 total ranks running on <nid004531>
Hello world, I'm rank 35 of 36 total ranks running on <nid004532>
Hello world, I'm rank 21 of 36 total ranks running on <nid004531>
Hello world, I'm rank 2 of 36 total ranks running on <nid004529>
Hello world, I'm rank 6 of 36 total ranks running on <nid004529>
Hello world, I'm rank 1 of 36 total ranks running on <nid004529>
Hello world, I'm rank 4 of 36 total ranks running on <nid004529>
Hello world, I'm rank 10 of 36 total ranks running on <nid004530>
Hello world, I'm rank 7 of 36 total ranks running on <nid004529>
Hello world, I'm rank 20 of 36 total ranks running on <nid004531>
Hello world, I'm rank 0 of 36 total ranks running on <nid004529>


Timing results from rank 0: 
	Scatter time:	32.4377 (ms) 
	Sobel time:	14.0638 (ms) 
	Gather time:	25.1359 (ms) 
total messages sent: 70
total data movement: 284662456.000000
Hello world, I'm rank 3 of 36 total ranks running on <nid004529>
Hello world, I'm rank 29 of 36 total ranks running on <nid004532>
Hello world, I'm rank 33 of 36 total ranks running on <nid004532>
Hello world, I'm rank 32 of 36 total ranks running on <nid004532>
Hello world, I'm rank 31 of 36 total ranks running on <nid004532>
 srun -n 49 ./mpi_2dmesh -i ../data/zebra-gray-int8-4x -x 7112 -y 5146 -g 1  
srun: Job 18125836 step creation temporarily disabled, retrying (Requested nodes are busy)
srun: Step created for StepId=18125836.15
Hello world, I'm rank 26 of 49 total ranks running on <nid004531>
Hello world, I'm rank 5 of 49 total ranks running on <nid004529>
Hello world, I'm rank 18 of 49 total ranks running on <nid004530>
Hello world, I'm rank 31 of 49 total ranks running on <nid004531>
Hello world, I'm rank 40 of 49 total ranks running on <nid004532>
Hello world, I'm rank 17 of 49 total ranks running on <nid004530>
Hello world, I'm rank 45 of 49 total ranks running on <nid004532>
Hello world, I'm rank 22 of 49 total ranks running on <nid004530>
Hello world, I'm rank 1 of 49 total ranks running on <nid004529>
Hello world, I'm rank 32 of 49 total ranks running on <nid004531>
Hello world, I'm rank 37 of 49 total ranks running on <nid004532>
Hello world, I'm rank 15 of 49 total ranks running on <nid004530>
Hello world, I'm rank 28 of 49 total ranks running on <nid004531>
Hello world, I'm rank 3 of 49 total ranks running on <nid004529>
Hello world, I'm rank 44 of 49 total ranks running on <nid004532>
Hello world, I'm rank 43 of 49 total ranks running on <nid004532>
Hello world, I'm rank 20 of 49 total ranks running on <nid004530>
Hello world, I'm rank 30 of 49 total ranks running on <nid004531>
Hello world, I'm rank 25 of 49 total ranks running on <nid004531>
Hello world, I'm rank 35 of 49 total ranks running on <nid004531>
Hello world, I'm rank 19 of 49 total ranks running on <nid004530>
Hello world, I'm rank 29 of 49 total ranks running on <nid004531>
Hello world, I'm rank 13 of 49 total ranks running on <nid004530>
Hello world, I'm rank 6 of 49 total ranks running on <nid004529>
Hello world, I'm rank 41 of 49 total ranks running on <nid004532>
Hello world, I'm rank 10 of 49 total ranks running on <nid004529>
Hello world, I'm rank 14 of 49 total ranks running on <nid004530>
Hello world, I'm rank 34 of 49 total ranks running on <nid004531>
Hello world, I'm rank 23 of 49 total ranks running on <nid004530>
Hello world, I'm rank 16 of 49 total ranks running on <nid004530>
Hello world, I'm rank 38 of 49 total ranks running on <nid004532>
Hello world, I'm rank 24 of 49 total ranks running on <nid004530>
Hello world, I'm rank 36 of 49 total ranks running on <nid004531>
Hello world, I'm rank 27 of 49 total ranks running on <nid004531>
Hello world, I'm rank 9 of 49 total ranks running on <nid004529>
Hello world, I'm rank 8 of 49 total ranks running on <nid004529>
Hello world, I'm rank 2 of 49 total ranks running on <nid004529>
Hello world, I'm rank 33 of 49 total ranks running on <nid004531>
Hello world, I'm rank 21 of 49 total ranks running on <nid004530>
Hello world, I'm rank 47 of 49 total ranks running on <nid004532>
Hello world, I'm rank 11 of 49 total ranks running on <nid004529>
Hello world, I'm rank 48 of 49 total ranks running on <nid004532>
Hello world, I'm rank 7 of 49 total ranks running on <nid004529>
Hello world, I'm rank 4 of 49 total ranks running on <nid004529>
Hello world, I'm rank 42 of 49 total ranks running on <nid004532>
Hello world, I'm rank 12 of 49 total ranks running on <nid004529>
Hello world, I'm rank 39 of 49 total ranks running on <nid004532>
Hello world, I'm rank 46 of 49 total ranks running on <nid004532>
Hello world, I'm rank 0 of 49 total ranks running on <nid004529>


Timing results from rank 0: 
	Scatter time:	14.6431 (ms) 
	Sobel time:	4.9915 (ms) 
	Gather time:	15.0610 (ms) 
total messages sent: 96
total data movement: 286812736.000000
 srun -n 49 ./mpi_2dmesh -i ../data/zebra-gray-int8-4x -x 7112 -y 5146 -g 2  
srun: Job 18125836 step creation temporarily disabled, retrying (Requested nodes are busy)
srun: Step created for StepId=18125836.16
Hello world, I'm rank 21 of 49 total ranks running on <nid004530>
Hello world, I'm rank 40 of 49 total ranks running on <nid004532>
Hello world, I'm rank 17 of 49 total ranks running on <nid004530>
Hello world, I'm rank 24 of 49 total ranks running on <nid004530>
Hello world, I'm rank 30 of 49 total ranks running on <nid004531>
Hello world, I'm rank 8 of 49 total ranks running on <nid004529>
Hello world, I'm rank 14 of 49 total ranks running on <nid004530>
Hello world, I'm rank 41 of 49 total ranks running on <nid004532>
Hello world, I'm rank 29 of 49 total ranks running on <nid004531>
Hello world, I'm rank 3 of 49 total ranks running on <nid004529>
Hello world, I'm rank 23 of 49 total ranks running on <nid004530>
Hello world, I'm rank 35 of 49 total ranks running on <nid004531>
Hello world, I'm rank 22 of 49 total ranks running on <nid004530>
Hello world, I'm rank 20 of 49 total ranks running on <nid004530>
Hello world, I'm rank 32 of 49 total ranks running on <nid004531>
Hello world, I'm rank 13 of 49 total ranks running on <nid004530>
Hello world, I'm rank 1 of 49 total ranks running on <nid004529>
Hello world, I'm rank 19 of 49 total ranks running on <nid004530>
Hello world, I'm rank 38 of 49 total ranks running on <nid004532>
Hello world, I'm rank 36 of 49 total ranks running on <nid004531>
Hello world, I'm rank 42 of 49 total ranks running on <nid004532>
Hello world, I'm rank 37 of 49 total ranks running on <nid004532>
Hello world, I'm rank 11 of 49 total ranks running on <nid004529>
Hello world, I'm rank 26 of 49 total ranks running on <nid004531>
Hello world, I'm rank 33 of 49 total ranks running on <nid004531>
Hello world, I'm rank 34 of 49 total ranks running on <nid004531>
Hello world, I'm rank 2 of 49 total ranks running on <nid004529>
Hello world, I'm rank 31 of 49 total ranks running on <nid004531>
Hello world, I'm rank 10 of 49 total ranks running on <nid004529>
Hello world, I'm rank 46 of 49 total ranks running on <nid004532>
Hello world, I'm rank 39 of 49 total ranks running on <nid004532>
Hello world, I'm rank 16 of 49 total ranks running on <nid004530>
Hello world, I'm rank 5 of 49 total ranks running on <nid004529>
Hello world, I'm rank 18 of 49 total ranks running on <nid004530>
Hello world, I'm rank 48 of 49 total ranks running on <nid004532>
Hello world, I'm rank 44 of 49 total ranks running on <nid004532>
Hello world, I'm rank 28 of 49 total ranks running on <nid004531>
Hello world, I'm rank 47 of 49 total ranks running on <nid004532>
Hello world, I'm rank 25 of 49 total ranks running on <nid004531>
Hello world, I'm rank 45 of 49 total ranks running on <nid004532>
Hello world, I'm rank 7 of 49 total ranks running on <nid004529>
Hello world, I'm rank 15 of 49 total ranks running on <nid004530>
Hello world, I'm rank 27 of 49 total ranks running on <nid004531>
Hello world, I'm rank 43 of 49 total ranks running on <nid004532>
Hello world, I'm rank 6 of 49 total ranks running on <nid004529>
Hello world, I'm rank 12 of 49 total ranks running on <nid004529>
Hello world, I'm rank 4 of 49 total ranks running on <nid004529>
Hello world, I'm rank 0 of 49 total ranks running on <nid004529>


Timing results from rank 0: 
	Scatter time:	37.8691 (ms) 
	Sobel time:	5.0982 (ms) 
	Gather time:	31.6992 (ms) 
total messages sent: 96
total data movement: 286817456.000000
Hello world, I'm rank 9 of 49 total ranks running on <nid004529>
 srun -n 49 ./mpi_2dmesh -i ../data/zebra-gray-int8-4x -x 7112 -y 5146 -g 3  
srun: Job 18125836 step creation temporarily disabled, retrying (Requested nodes are busy)
srun: Step created for StepId=18125836.17
Hello world, I'm rank 28 of 49 total ranks running on <nid004531>
Hello world, I'm rank 39 of 49 total ranks running on <nid004532>
Hello world, I'm rank 36 of 49 total ranks running on <nid004531>
Hello world, I'm rank 18 of 49 total ranks running on <nid004530>
Hello world, I'm rank 40 of 49 total ranks running on <nid004532>
Hello world, I'm rank 4 of 49 total ranks running on <nid004529>
Hello world, I'm rank 20 of 49 total ranks running on <nid004530>
Hello world, I'm rank 5 of 49 total ranks running on <nid004529>
Hello world, I'm rank 45 of 49 total ranks running on <nid004532>
Hello world, I'm rank 37 of 49 total ranks running on <nid004532>
Hello world, I'm rank 12 of 49 total ranks running on <nid004529>
Hello world, I'm rank 19 of 49 total ranks running on <nid004530>
Hello world, I'm rank 47 of 49 total ranks running on <nid004532>
Hello world, I'm rank 30 of 49 total ranks running on <nid004531>
Hello world, I'm rank 33 of 49 total ranks running on <nid004531>
Hello world, I'm rank 3 of 49 total ranks running on <nid004529>
Hello world, I'm rank 21 of 49 total ranks running on <nid004530>
Hello world, I'm rank 1 of 49 total ranks running on <nid004529>
Hello world, I'm rank 32 of 49 total ranks running on <nid004531>
Hello world, I'm rank 9 of 49 total ranks running on <nid004529>
Hello world, I'm rank 34 of 49 total ranks running on <nid004531>
Hello world, I'm rank 29 of 49 total ranks running on <nid004531>
Hello world, I'm rank 22 of 49 total ranks running on <nid004530>
Hello world, I'm rank 26 of 49 total ranks running on <nid004531>
Hello world, I'm rank 27 of 49 total ranks running on <nid004531>
Hello world, I'm rank 31 of 49 total ranks running on <nid004531>
Hello world, I'm rank 35 of 49 total ranks running on <nid004531>
Hello world, I'm rank 24 of 49 total ranks running on <nid004530>
Hello world, I'm rank 23 of 49 total ranks running on <nid004530>
Hello world, I'm rank 38 of 49 total ranks running on <nid004532>
Hello world, I'm rank 11 of 49 total ranks running on <nid004529>
Hello world, I'm rank 46 of 49 total ranks running on <nid004532>
Hello world, I'm rank 48 of 49 total ranks running on <nid004532>
Hello world, I'm rank 14 of 49 total ranks running on <nid004530>
Hello world, I'm rank 42 of 49 total ranks running on <nid004532>
Hello world, I'm rank 44 of 49 total ranks running on <nid004532>
Hello world, I'm rank 15 of 49 total ranks running on <nid004530>
Hello world, I'm rank 41 of 49 total ranks running on <nid004532>
Hello world, I'm rank 25 of 49 total ranks running on <nid004531>
Hello world, I'm rank 17 of 49 total ranks running on <nid004530>
Hello world, I'm rank 13 of 49 total ranks running on <nid004530>
Hello world, I'm rank 8 of 49 total ranks running on <nid004529>
Hello world, I'm rank 16 of 49 total ranks running on <nid004530>
Hello world, I'm rank 10 of 49 total ranks running on <nid004529>
Hello world, I'm rank 43 of 49 total ranks running on <nid004532>
Hello world, I'm rank 6 of 49 total ranks running on <nid004529>
Hello world, I'm rank 7 of 49 total ranks running on <nid004529>
Hello world, I'm rank 2 of 49 total ranks running on <nid004529>
Hello world, I'm rank 0 of 49 total ranks running on <nid004529>


Timing results from rank 0: 
	Scatter time:	34.0480 (ms) 
	Sobel time:	5.0510 (ms) 
	Gather time:	27.1127 (ms) 
total messages sent: 96
total data movement: 286812736.000000
 srun -n 64 ./mpi_2dmesh -i ../data/zebra-gray-int8-4x -x 7112 -y 5146 -g 1  
srun: Job 18125836 step creation temporarily disabled, retrying (Requested nodes are busy)
srun: Step created for StepId=18125836.18
Hello world, I'm rank 40 of 64 total ranks running on <nid004531>
Hello world, I'm rank 23 of 64 total ranks running on <nid004530>
Hello world, I'm rank 35 of 64 total ranks running on <nid004531>
Hello world, I'm rank 41 of 64 total ranks running on <nid004531>
Hello world, I'm rank 54 of 64 total ranks running on <nid004532>
Hello world, I'm rank 14 of 64 total ranks running on <nid004529>
Hello world, I'm rank 4 of 64 total ranks running on <nid004529>
Hello world, I'm rank 17 of 64 total ranks running on <nid004530>
Hello world, I'm rank 13 of 64 total ranks running on <nid004529>
Hello world, I'm rank 19 of 64 total ranks running on <nid004530>
Hello world, I'm rank 10 of 64 total ranks running on <nid004529>
Hello world, I'm rank 30 of 64 total ranks running on <nid004530>
Hello world, I'm rank 33 of 64 total ranks running on <nid004531>
Hello world, I'm rank 26 of 64 total ranks running on <nid004530>
Hello world, I'm rank 32 of 64 total ranks running on <nid004531>
Hello world, I'm rank 6 of 64 total ranks running on <nid004529>
Hello world, I'm rank 29 of 64 total ranks running on <nid004530>
Hello world, I'm rank 9 of 64 total ranks running on <nid004529>
Hello world, I'm rank 8 of 64 total ranks running on <nid004529>
Hello world, I'm rank 2 of 64 total ranks running on <nid004529>
Hello world, I'm rank 61 of 64 total ranks running on <nid004532>
Hello world, I'm rank 58 of 64 total ranks running on <nid004532>
Hello world, I'm rank 5 of 64 total ranks running on <nid004529>
Hello world, I'm rank 36 of 64 total ranks running on <nid004531>
Hello world, I'm rank 34 of 64 total ranks running on <nid004531>
Hello world, I'm rank 12 of 64 total ranks running on <nid004529>
Hello world, I'm rank 42 of 64 total ranks running on <nid004531>
Hello world, I'm rank 52 of 64 total ranks running on <nid004532>
Hello world, I'm rank 20 of 64 total ranks running on <nid004530>
Hello world, I'm rank 53 of 64 total ranks running on <nid004532>
Hello world, I'm rank 24 of 64 total ranks running on <nid004530>
Hello world, I'm rank 18 of 64 total ranks running on <nid004530>
Hello world, I'm rank 21 of 64 total ranks running on <nid004530>
Hello world, I'm rank 37 of 64 total ranks running on <nid004531>
Hello world, I'm rank 38 of 64 total ranks running on <nid004531>
Hello world, I'm rank 7 of 64 total ranks running on <nid004529>
Hello world, I'm rank 25 of 64 total ranks running on <nid004530>
Hello world, I'm rank 60 of 64 total ranks running on <nid004532>
Hello world, I'm rank 22 of 64 total ranks running on <nid004530>
Hello world, I'm rank 1 of 64 total ranks running on <nid004529>
Hello world, I'm rank 39 of 64 total ranks running on <nid004531>
Hello world, I'm rank 62 of 64 total ranks running on <nid004532>
Hello world, I'm rank 46 of 64 total ranks running on <nid004531>
Hello world, I'm rank 51 of 64 total ranks running on <nid004532>
Hello world, I'm rank 57 of 64 total ranks running on <nid004532>
Hello world, I'm rank 56 of 64 total ranks running on <nid004532>
Hello world, I'm rank 45 of 64 total ranks running on <nid004531>
Hello world, I'm rank 59 of 64 total ranks running on <nid004532>
Hello world, I'm rank 48 of 64 total ranks running on <nid004532>
Hello world, I'm rank 49 of 64 total ranks running on <nid004532>
Hello world, I'm rank 15 of 64 total ranks running on <nid004529>
Hello world, I'm rank 44 of 64 total ranks running on <nid004531>
Hello world, I'm rank 50 of 64 total ranks running on <nid004532>
Hello world, I'm rank 63 of 64 total ranks running on <nid004532>
Hello world, I'm rank 47 of 64 total ranks running on <nid004531>
Hello world, I'm rank 3 of 64 total ranks running on <nid004529>
Hello world, I'm rank 28 of 64 total ranks running on <nid004530>
Hello world, I'm rank 16 of 64 total ranks running on <nid004530>
Hello world, I'm rank 31 of 64 total ranks running on <nid004530>
Hello world, I'm rank 11 of 64 total ranks running on <nid004529>
Hello world, I'm rank 43 of 64 total ranks running on <nid004531>
Hello world, I'm rank 55 of 64 total ranks running on <nid004532>
Hello world, I'm rank 27 of 64 total ranks running on <nid004530>
Hello world, I'm rank 0 of 64 total ranks running on <nid004529>


Timing results from rank 0: 
	Scatter time:	14.9275 (ms) 
	Sobel time:	5.0477 (ms) 
	Gather time:	15.6781 (ms) 
total messages sent: 126
total data movement: 288235136.000000
 srun -n 64 ./mpi_2dmesh -i ../data/zebra-gray-int8-4x -x 7112 -y 5146 -g 2  
Hello world, I'm rank 45 of 64 total ranks running on <nid004531>
Hello world, I'm rank 28 of 64 total ranks running on <nid004530>
Hello world, I'm rank 5 of 64 total ranks running on <nid004529>
Hello world, I'm rank 14 of 64 total ranks running on <nid004529>
Hello world, I'm rank 40 of 64 total ranks running on <nid004531>
Hello world, I'm rank 51 of 64 total ranks running on <nid004532>
Hello world, I'm rank 3 of 64 total ranks running on <nid004529>
Hello world, I'm rank 57 of 64 total ranks running on <nid004532>
Hello world, I'm rank 21 of 64 total ranks running on <nid004530>
Hello world, I'm rank 18 of 64 total ranks running on <nid004530>
Hello world, I'm rank 31 of 64 total ranks running on <nid004530>
Hello world, I'm rank 32 of 64 total ranks running on <nid004531>
Hello world, I'm rank 47 of 64 total ranks running on <nid004531>
Hello world, I'm rank 50 of 64 total ranks running on <nid004532>
Hello world, I'm rank 23 of 64 total ranks running on <nid004530>
Hello world, I'm rank 60 of 64 total ranks running on <nid004532>
Hello world, I'm rank 4 of 64 total ranks running on <nid004529>
Hello world, I'm rank 24 of 64 total ranks running on <nid004530>
Hello world, I'm rank 38 of 64 total ranks running on <nid004531>
Hello world, I'm rank 8 of 64 total ranks running on <nid004529>
Hello world, I'm rank 44 of 64 total ranks running on <nid004531>
Hello world, I'm rank 49 of 64 total ranks running on <nid004532>
Hello world, I'm rank 39 of 64 total ranks running on <nid004531>
Hello world, I'm rank 2 of 64 total ranks running on <nid004529>
Hello world, I'm rank 42 of 64 total ranks running on <nid004531>
Hello world, I'm rank 34 of 64 total ranks running on <nid004531>
Hello world, I'm rank 56 of 64 total ranks running on <nid004532>
Hello world, I'm rank 30 of 64 total ranks running on <nid004530>
Hello world, I'm rank 59 of 64 total ranks running on <nid004532>
Hello world, I'm rank 11 of 64 total ranks running on <nid004529>
Hello world, I'm rank 19 of 64 total ranks running on <nid004530>
Hello world, I'm rank 13 of 64 total ranks running on <nid004529>
Hello world, I'm rank 20 of 64 total ranks running on <nid004530>
Hello world, I'm rank 1 of 64 total ranks running on <nid004529>
Hello world, I'm rank 9 of 64 total ranks running on <nid004529>
Hello world, I'm rank 36 of 64 total ranks running on <nid004531>
Hello world, I'm rank 41 of 64 total ranks running on <nid004531>
Hello world, I'm rank 33 of 64 total ranks running on <nid004531>
Hello world, I'm rank 55 of 64 total ranks running on <nid004532>
Hello world, I'm rank 25 of 64 total ranks running on <nid004530>
Hello world, I'm rank 52 of 64 total ranks running on <nid004532>
Hello world, I'm rank 26 of 64 total ranks running on <nid004530>
Hello world, I'm rank 15 of 64 total ranks running on <nid004529>
Hello world, I'm rank 17 of 64 total ranks running on <nid004530>
Hello world, I'm rank 7 of 64 total ranks running on <nid004529>
Hello world, I'm rank 53 of 64 total ranks running on <nid004532>
Hello world, I'm rank 12 of 64 total ranks running on <nid004529>
Hello world, I'm rank 58 of 64 total ranks running on <nid004532>
Hello world, I'm rank 6 of 64 total ranks running on <nid004529>
Hello world, I'm rank 62 of 64 total ranks running on <nid004532>
Hello world, I'm rank 22 of 64 total ranks running on <nid004530>
Hello world, I'm rank 0 of 64 total ranks running on <nid004529>


Timing results from rank 0: 
	Scatter time:	39.1557 (ms) 
	Sobel time:	4.1500 (ms) 
	Gather time:	30.6466 (ms) 
total messages sent: 126
total data movement: 288217168.000000
Hello world, I'm rank 63 of 64 total ranks running on <nid004532>
Hello world, I'm rank 29 of 64 total ranks running on <nid004530>
Hello world, I'm rank 35 of 64 total ranks running on <nid004531>
Hello world, I'm rank 16 of 64 total ranks running on <nid004530>
Hello world, I'm rank 10 of 64 total ranks running on <nid004529>
Hello world, I'm rank 48 of 64 total ranks running on <nid004532>
Hello world, I'm rank 46 of 64 total ranks running on <nid004531>
Hello world, I'm rank 54 of 64 total ranks running on <nid004532>
Hello world, I'm rank 37 of 64 total ranks running on <nid004531>
Hello world, I'm rank 27 of 64 total ranks running on <nid004530>
Hello world, I'm rank 61 of 64 total ranks running on <nid004532>
Hello world, I'm rank 43 of 64 total ranks running on <nid004531>
 srun -n 64 ./mpi_2dmesh -i ../data/zebra-gray-int8-4x -x 7112 -y 5146 -g 3  
Hello world, I'm rank 37 of 64 total ranks running on <nid004531>
Hello world, I'm rank 19 of 64 total ranks running on <nid004530>
Hello world, I'm rank 9 of 64 total ranks running on <nid004529>
Hello world, I'm rank 39 of 64 total ranks running on <nid004531>
Hello world, I'm rank 53 of 64 total ranks running on <nid004532>
Hello world, I'm rank 20 of 64 total ranks running on <nid004530>
Hello world, I'm rank 60 of 64 total ranks running on <nid004532>
Hello world, I'm rank 4 of 64 total ranks running on <nid004529>
Hello world, I'm rank 32 of 64 total ranks running on <nid004531>
Hello world, I'm rank 52 of 64 total ranks running on <nid004532>
Hello world, I'm rank 23 of 64 total ranks running on <nid004530>
Hello world, I'm rank 35 of 64 total ranks running on <nid004531>
Hello world, I'm rank 6 of 64 total ranks running on <nid004529>
Hello world, I'm rank 22 of 64 total ranks running on <nid004530>
Hello world, I'm rank 27 of 64 total ranks running on <nid004530>
Hello world, I'm rank 5 of 64 total ranks running on <nid004529>
Hello world, I'm rank 63 of 64 total ranks running on <nid004532>
Hello world, I'm rank 47 of 64 total ranks running on <nid004531>
Hello world, I'm rank 14 of 64 total ranks running on <nid004529>
Hello world, I'm rank 11 of 64 total ranks running on <nid004529>
Hello world, I'm rank 25 of 64 total ranks running on <nid004530>
Hello world, I'm rank 57 of 64 total ranks running on <nid004532>
Hello world, I'm rank 41 of 64 total ranks running on <nid004531>
Hello world, I'm rank 51 of 64 total ranks running on <nid004532>
Hello world, I'm rank 42 of 64 total ranks running on <nid004531>
Hello world, I'm rank 1 of 64 total ranks running on <nid004529>
Hello world, I'm rank 18 of 64 total ranks running on <nid004530>
Hello world, I'm rank 31 of 64 total ranks running on <nid004530>
Hello world, I'm rank 3 of 64 total ranks running on <nid004529>
Hello world, I'm rank 17 of 64 total ranks running on <nid004530>
Hello world, I'm rank 44 of 64 total ranks running on <nid004531>
Hello world, I'm rank 48 of 64 total ranks running on <nid004532>
Hello world, I'm rank 13 of 64 total ranks running on <nid004529>
Hello world, I'm rank 15 of 64 total ranks running on <nid004529>
Hello world, I'm rank 36 of 64 total ranks running on <nid004531>
Hello world, I'm rank 12 of 64 total ranks running on <nid004529>
Hello world, I'm rank 58 of 64 total ranks running on <nid004532>
Hello world, I'm rank 21 of 64 total ranks running on <nid004530>
Hello world, I'm rank 62 of 64 total ranks running on <nid004532>
Hello world, I'm rank 30 of 64 total ranks running on <nid004530>
Hello world, I'm rank 45 of 64 total ranks running on <nid004531>
Hello world, I'm rank 29 of 64 total ranks running on <nid004530>
Hello world, I'm rank 24 of 64 total ranks running on <nid004530>
Hello world, I'm rank 16 of 64 total ranks running on <nid004530>
Hello world, I'm rank 8 of 64 total ranks running on <nid004529>
Hello world, I'm rank 38 of 64 total ranks running on <nid004531>
Hello world, I'm rank 56 of 64 total ranks running on <nid004532>
Hello world, I'm rank 28 of 64 total ranks running on <nid004530>
Hello world, I'm rank 2 of 64 total ranks running on <nid004529>
Hello world, I'm rank 33 of 64 total ranks running on <nid004531>
Hello world, I'm rank 26 of 64 total ranks running on <nid004530>
Hello world, I'm rank 40 of 64 total ranks running on <nid004531>
Hello world, I'm rank 10 of 64 total ranks running on <nid004529>
Hello world, I'm rank 46 of 64 total ranks running on <nid004531>
Hello world, I'm rank 43 of 64 total ranks running on <nid004531>
Hello world, I'm rank 55 of 64 total ranks running on <nid004532>
Hello world, I'm rank 0 of 64 total ranks running on <nid004529>


Timing results from rank 0: 
	Scatter time:	32.7387 (ms) 
	Sobel time:	4.1231 (ms) 
	Gather time:	26.3731 (ms) 
total messages sent: 126
total data movement: 288213800.000000
Hello world, I'm rank 50 of 64 total ranks running on <nid004532>
Hello world, I'm rank 7 of 64 total ranks running on <nid004529>
Hello world, I'm rank 54 of 64 total ranks running on <nid004532>
Hello world, I'm rank 59 of 64 total ranks running on <nid004532>
Hello world, I'm rank 34 of 64 total ranks running on <nid004531>
Hello world, I'm rank 61 of 64 total ranks running on <nid004532>
Hello world, I'm rank 49 of 64 total ranks running on <nid004532>
 srun -n 81 ./mpi_2dmesh -i ../data/zebra-gray-int8-4x -x 7112 -y 5146 -g 1  
srun: Job 18125836 step creation temporarily disabled, retrying (Requested nodes are busy)
srun: Step created for StepId=18125836.21
Hello world, I'm rank 45 of 81 total ranks running on <nid004531>
Hello world, I'm rank 24 of 81 total ranks running on <nid004530>
Hello world, I'm rank 64 of 81 total ranks running on <nid004532>
Hello world, I'm rank 36 of 81 total ranks running on <nid004530>
Hello world, I'm rank 66 of 81 total ranks running on <nid004532>
Hello world, I'm rank 43 of 81 total ranks running on <nid004531>
Hello world, I'm rank 9 of 81 total ranks running on <nid004529>
Hello world, I'm rank 7 of 81 total ranks running on <nid004529>
Hello world, I'm rank 65 of 81 total ranks running on <nid004532>
Hello world, I'm rank 42 of 81 total ranks running on <nid004531>
Hello world, I'm rank 71 of 81 total ranks running on <nid004532>
Hello world, I'm rank 30 of 81 total ranks running on <nid004530>
Hello world, I'm rank 3 of 81 total ranks running on <nid004529>
Hello world, I'm rank 23 of 81 total ranks running on <nid004530>
Hello world, I'm rank 74 of 81 total ranks running on <nid004532>
Hello world, I'm rank 40 of 81 total ranks running on <nid004530>
Hello world, I'm rank 62 of 81 total ranks running on <nid004532>
Hello world, I'm rank 58 of 81 total ranks running on <nid004531>
Hello world, I'm rank 13 of 81 total ranks running on <nid004529>
Hello world, I'm rank 46 of 81 total ranks running on <nid004531>
Hello world, I'm rank 80 of 81 total ranks running on <nid004532>
Hello world, I'm rank 14 of 81 total ranks running on <nid004529>
Hello world, I'm rank 54 of 81 total ranks running on <nid004531>
Hello world, I'm rank 48 of 81 total ranks running on <nid004531>
Hello world, I'm rank 29 of 81 total ranks running on <nid004530>
Hello world, I'm rank 70 of 81 total ranks running on <nid004532>
Hello world, I'm rank 33 of 81 total ranks running on <nid004530>
Hello world, I'm rank 26 of 81 total ranks running on <nid004530>
Hello world, I'm rank 44 of 81 total ranks running on <nid004531>
Hello world, I'm rank 32 of 81 total ranks running on <nid004530>
Hello world, I'm rank 50 of 81 total ranks running on <nid004531>
Hello world, I'm rank 16 of 81 total ranks running on <nid004529>
Hello world, I'm rank 52 of 81 total ranks running on <nid004531>
Hello world, I'm rank 31 of 81 total ranks running on <nid004530>
Hello world, I'm rank 5 of 81 total ranks running on <nid004529>
Hello world, I'm rank 51 of 81 total ranks running on <nid004531>
Hello world, I'm rank 75 of 81 total ranks running on <nid004532>
Hello world, I'm rank 55 of 81 total ranks running on <nid004531>
Hello world, I'm rank 17 of 81 total ranks running on <nid004529>
Hello world, I'm rank 72 of 81 total ranks running on <nid004532>
Hello world, I'm rank 35 of 81 total ranks running on <nid004530>
Hello world, I'm rank 47 of 81 total ranks running on <nid004531>
Hello world, I'm rank 27 of 81 total ranks running on <nid004530>
Hello world, I'm rank 59 of 81 total ranks running on <nid004531>
Hello world, I'm rank 19 of 81 total ranks running on <nid004529>
Hello world, I'm rank 67 of 81 total ranks running on <nid004532>
Hello world, I'm rank 20 of 81 total ranks running on <nid004529>
Hello world, I'm rank 38 of 81 total ranks running on <nid004530>
Hello world, I'm rank 68 of 81 total ranks running on <nid004532>
Hello world, I'm rank 39 of 81 total ranks running on <nid004530>
Hello world, I'm rank 4 of 81 total ranks running on <nid004529>
Hello world, I'm rank 78 of 81 total ranks running on <nid004532>
Hello world, I'm rank 69 of 81 total ranks running on <nid004532>
Hello world, I'm rank 60 of 81 total ranks running on <nid004531>
Hello world, I'm rank 28 of 81 total ranks running on <nid004530>
Hello world, I'm rank 79 of 81 total ranks running on <nid004532>
Hello world, I'm rank 61 of 81 total ranks running on <nid004532>
Hello world, I'm rank 12 of 81 total ranks running on <nid004529>
Hello world, I'm rank 63 of 81 total ranks running on <nid004532>
Hello world, I'm rank 25 of 81 total ranks running on <nid004530>
Hello world, I'm rank 76 of 81 total ranks running on <nid004532>
Hello world, I'm rank 41 of 81 total ranks running on <nid004531>
Hello world, I'm rank 21 of 81 total ranks running on <nid004530>
Hello world, I'm rank 22 of 81 total ranks running on <nid004530>
Hello world, I'm rank 77 of 81 total ranks running on <nid004532>
Hello world, I'm rank 34 of 81 total ranks running on <nid004530>
Hello world, I'm rank 53 of 81 total ranks running on <nid004531>
Hello world, I'm rank 57 of 81 total ranks running on <nid004531>
Hello world, I'm rank 56 of 81 total ranks running on <nid004531>
Hello world, I'm rank 1 of 81 total ranks running on <nid004529>
Hello world, I'm rank 37 of 81 total ranks running on <nid004530>
Hello world, I'm rank 18 of 81 total ranks running on <nid004529>
Hello world, I'm rank 73 of 81 total ranks running on <nid004532>
Hello world, I'm rank 49 of 81 total ranks running on <nid004531>
Hello world, I'm rank 8 of 81 total ranks running on <nid004529>
Hello world, I'm rank 11 of 81 total ranks running on <nid004529>
Hello world, I'm rank 6 of 81 total ranks running on <nid004529>
Hello world, I'm rank 10 of 81 total ranks running on <nid004529>
Hello world, I'm rank 15 of 81 total ranks running on <nid004529>
Hello world, I'm rank 2 of 81 total ranks running on <nid004529>
Hello world, I'm rank 0 of 81 total ranks running on <nid004529>


Timing results from rank 0: 
	Scatter time:	14.8886 (ms) 
	Sobel time:	5.1170 (ms) 
	Gather time:	14.6544 (ms) 
total messages sent: 160
total data movement: 289202368.000000
 srun -n 81 ./mpi_2dmesh -i ../data/zebra-gray-int8-4x -x 7112 -y 5146 -g 2  
srun: Job 18125836 step creation temporarily disabled, retrying (Requested nodes are busy)
srun: Step created for StepId=18125836.22
Hello world, I'm rank 18 of 81 total ranks running on <nid004529>
Hello world, I'm rank 26 of 81 total ranks running on <nid004530>
Hello world, I'm rank 63 of 81 total ranks running on <nid004532>
Hello world, I'm rank 57 of 81 total ranks running on <nid004531>
Hello world, I'm rank 47 of 81 total ranks running on <nid004531>
Hello world, I'm rank 30 of 81 total ranks running on <nid004530>
Hello world, I'm rank 68 of 81 total ranks running on <nid004532>
Hello world, I'm rank 23 of 81 total ranks running on <nid004530>
Hello world, I'm rank 9 of 81 total ranks running on <nid004529>
Hello world, I'm rank 13 of 81 total ranks running on <nid004529>
Hello world, I'm rank 80 of 81 total ranks running on <nid004532>
Hello world, I'm rank 51 of 81 total ranks running on <nid004531>
Hello world, I'm rank 78 of 81 total ranks running on <nid004532>
Hello world, I'm rank 49 of 81 total ranks running on <nid004531>
Hello world, I'm rank 29 of 81 total ranks running on <nid004530>
Hello world, I'm rank 56 of 81 total ranks running on <nid004531>
Hello world, I'm rank 39 of 81 total ranks running on <nid004530>
Hello world, I'm rank 17 of 81 total ranks running on <nid004529>
Hello world, I'm rank 76 of 81 total ranks running on <nid004532>
Hello world, I'm rank 32 of 81 total ranks running on <nid004530>
Hello world, I'm rank 21 of 81 total ranks running on <nid004530>
Hello world, I'm rank 70 of 81 total ranks running on <nid004532>
Hello world, I'm rank 58 of 81 total ranks running on <nid004531>
Hello world, I'm rank 2 of 81 total ranks running on <nid004529>
Hello world, I'm rank 53 of 81 total ranks running on <nid004531>
Hello world, I'm rank 14 of 81 total ranks running on <nid004529>
Hello world, I'm rank 54 of 81 total ranks running on <nid004531>
Hello world, I'm rank 31 of 81 total ranks running on <nid004530>
Hello world, I'm rank 4 of 81 total ranks running on <nid004529>
Hello world, I'm rank 1 of 81 total ranks running on <nid004529>
Hello world, I'm rank 20 of 81 total ranks running on <nid004529>
Hello world, I'm rank 43 of 81 total ranks running on <nid004531>
Hello world, I'm rank 8 of 81 total ranks running on <nid004529>
Hello world, I'm rank 42 of 81 total ranks running on <nid004531>
Hello world, I'm rank 22 of 81 total ranks running on <nid004530>
Hello world, I'm rank 61 of 81 total ranks running on <nid004532>
Hello world, I'm rank 41 of 81 total ranks running on <nid004531>
Hello world, I'm rank 6 of 81 total ranks running on <nid004529>
Hello world, I'm rank 46 of 81 total ranks running on <nid004531>
Hello world, I'm rank 3 of 81 total ranks running on <nid004529>
Hello world, I'm rank 27 of 81 total ranks running on <nid004530>
Hello world, I'm rank 37 of 81 total ranks running on <nid004530>
Hello world, I'm rank 25 of 81 total ranks running on <nid004530>
Hello world, I'm rank 69 of 81 total ranks running on <nid004532>
Hello world, I'm rank 35 of 81 total ranks running on <nid004530>
Hello world, I'm rank 48 of 81 total ranks running on <nid004531>
Hello world, I'm rank 5 of 81 total ranks running on <nid004529>
Hello world, I'm rank 12 of 81 total ranks running on <nid004529>
Hello world, I'm rank 77 of 81 total ranks running on <nid004532>
Hello world, I'm rank 38 of 81 total ranks running on <nid004530>
Hello world, I'm rank 74 of 81 total ranks running on <nid004532>
Hello world, I'm rank 7 of 81 total ranks running on <nid004529>
Hello world, I'm rank 36 of 81 total ranks running on <nid004530>
Hello world, I'm rank 19 of 81 total ranks running on <nid004529>
Hello world, I'm rank 75 of 81 total ranks running on <nid004532>
Hello world, I'm rank 11 of 81 total ranks running on <nid004529>
Hello world, I'm rank 67 of 81 total ranks running on <nid004532>
Hello world, I'm rank 16 of 81 total ranks running on <nid004529>
Hello world, I'm rank 55 of 81 total ranks running on <nid004531>
Hello world, I'm rank 10 of 81 total ranks running on <nid004529>
Hello world, I'm rank 72 of 81 total ranks running on <nid004532>
Hello world, I'm rank 24 of 81 total ranks running on <nid004530>
Hello world, I'm rank 60 of 81 total ranks running on <nid004531>
Hello world, I'm rank 15 of 81 total ranks running on <nid004529>
Hello world, I'm rank 66 of 81 total ranks running on <nid004532>
Hello world, I'm rank 34 of 81 total ranks running on <nid004530>
Hello world, I'm rank 52 of 81 total ranks running on <nid004531>
Hello world, I'm rank 40 of 81 total ranks running on <nid004530>
Hello world, I'm rank 59 of 81 total ranks running on <nid004531>
Hello world, I'm rank 33 of 81 total ranks running on <nid004530>
Hello world, I'm rank 50 of 81 total ranks running on <nid004531>
Hello world, I'm rank 45 of 81 total ranks running on <nid004531>
Hello world, I'm rank 0 of 81 total ranks running on <nid004529>


Timing results from rank 0: 
	Scatter time:	34.7058 (ms) 
	Sobel time:	4.7315 (ms) 
	Gather time:	33.2529 (ms) 
total messages sent: 160
total data movement: 289205200.000000
Hello world, I'm rank 65 of 81 total ranks running on <nid004532>
Hello world, I'm rank 28 of 81 total ranks running on <nid004530>
Hello world, I'm rank 73 of 81 total ranks running on <nid004532>
Hello world, I'm rank 44 of 81 total ranks running on <nid004531>
Hello world, I'm rank 62 of 81 total ranks running on <nid004532>
Hello world, I'm rank 71 of 81 total ranks running on <nid004532>
Hello world, I'm rank 64 of 81 total ranks running on <nid004532>
Hello world, I'm rank 79 of 81 total ranks running on <nid004532>
 srun -n 81 ./mpi_2dmesh -i ../data/zebra-gray-int8-4x -x 7112 -y 5146 -g 3  
srun: Job 18125836 step creation temporarily disabled, retrying (Requested nodes are busy)
srun: Step created for StepId=18125836.23
Hello world, I'm rank 30 of 81 total ranks running on <nid004530>
Hello world, I'm rank 3 of 81 total ranks running on <nid004529>
Hello world, I'm rank 48 of 81 total ranks running on <nid004531>
Hello world, I'm rank 7 of 81 total ranks running on <nid004529>
Hello world, I'm rank 70 of 81 total ranks running on <nid004532>
Hello world, I'm rank 44 of 81 total ranks running on <nid004531>
Hello world, I'm rank 29 of 81 total ranks running on <nid004530>
Hello world, I'm rank 24 of 81 total ranks running on <nid004530>
Hello world, I'm rank 13 of 81 total ranks running on <nid004529>
Hello world, I'm rank 72 of 81 total ranks running on <nid004532>
Hello world, I'm rank 73 of 81 total ranks running on <nid004532>
Hello world, I'm rank 46 of 81 total ranks running on <nid004531>
Hello world, I'm rank 71 of 81 total ranks running on <nid004532>
Hello world, I'm rank 34 of 81 total ranks running on <nid004530>
Hello world, I'm rank 22 of 81 total ranks running on <nid004530>
Hello world, I'm rank 42 of 81 total ranks running on <nid004531>
Hello world, I'm rank 19 of 81 total ranks running on <nid004529>
Hello world, I'm rank 60 of 81 total ranks running on <nid004531>
Hello world, I'm rank 62 of 81 total ranks running on <nid004532>
Hello world, I'm rank 11 of 81 total ranks running on <nid004529>
Hello world, I'm rank 55 of 81 total ranks running on <nid004531>
Hello world, I'm rank 26 of 81 total ranks running on <nid004530>
Hello world, I'm rank 76 of 81 total ranks running on <nid004532>
Hello world, I'm rank 9 of 81 total ranks running on <nid004529>
Hello world, I'm rank 10 of 81 total ranks running on <nid004529>
Hello world, I'm rank 27 of 81 total ranks running on <nid004530>
Hello world, I'm rank 43 of 81 total ranks running on <nid004531>
Hello world, I'm rank 78 of 81 total ranks running on <nid004532>
Hello world, I'm rank 59 of 81 total ranks running on <nid004531>
Hello world, I'm rank 6 of 81 total ranks running on <nid004529>
Hello world, I'm rank 16 of 81 total ranks running on <nid004529>
Hello world, I'm rank 17 of 81 total ranks running on <nid004529>
Hello world, I'm rank 38 of 81 total ranks running on <nid004530>
Hello world, I'm rank 74 of 81 total ranks running on <nid004532>
Hello world, I'm rank 25 of 81 total ranks running on <nid004530>
Hello world, I'm rank 53 of 81 total ranks running on <nid004531>
Hello world, I'm rank 67 of 81 total ranks running on <nid004532>
Hello world, I'm rank 69 of 81 total ranks running on <nid004532>
Hello world, I'm rank 21 of 81 total ranks running on <nid004530>
Hello world, I'm rank 40 of 81 total ranks running on <nid004530>
Hello world, I'm rank 64 of 81 total ranks running on <nid004532>
Hello world, I'm rank 52 of 81 total ranks running on <nid004531>
Hello world, I'm rank 65 of 81 total ranks running on <nid004532>
Hello world, I'm rank 32 of 81 total ranks running on <nid004530>
Hello world, I'm rank 47 of 81 total ranks running on <nid004531>
Hello world, I'm rank 2 of 81 total ranks running on <nid004529>
Hello world, I'm rank 80 of 81 total ranks running on <nid004532>
Hello world, I'm rank 51 of 81 total ranks running on <nid004531>
Hello world, I'm rank 56 of 81 total ranks running on <nid004531>
Hello world, I'm rank 14 of 81 total ranks running on <nid004529>
Hello world, I'm rank 18 of 81 total ranks running on <nid004529>
Hello world, I'm rank 77 of 81 total ranks running on <nid004532>
Hello world, I'm rank 63 of 81 total ranks running on <nid004532>
Hello world, I'm rank 49 of 81 total ranks running on <nid004531>
Hello world, I'm rank 8 of 81 total ranks running on <nid004529>
Hello world, I'm rank 23 of 81 total ranks running on <nid004530>
Hello world, I'm rank 57 of 81 total ranks running on <nid004531>
Hello world, I'm rank 35 of 81 total ranks running on <nid004530>
Hello world, I'm rank 12 of 81 total ranks running on <nid004529>
Hello world, I'm rank 4 of 81 total ranks running on <nid004529>
Hello world, I'm rank 61 of 81 total ranks running on <nid004532>
Hello world, I'm rank 5 of 81 total ranks running on <nid004529>
Hello world, I'm rank 15 of 81 total ranks running on <nid004529>
Hello world, I'm rank 58 of 81 total ranks running on <nid004531>
Hello world, I'm rank 20 of 81 total ranks running on <nid004529>
Hello world, I'm rank 28 of 81 total ranks running on <nid004530>
Hello world, I'm rank 54 of 81 total ranks running on <nid004531>
Hello world, I'm rank 66 of 81 total ranks running on <nid004532>
Hello world, I'm rank 0 of 81 total ranks running on <nid004529>


Timing results from rank 0: 
	Scatter time:	32.3817 (ms) 
	Sobel time:	3.2433 (ms) 
	Gather time:	27.5662 (ms) 
total messages sent: 160
total data movement: 289178096.000000
Hello world, I'm rank 79 of 81 total ranks running on <nid004532>
Hello world, I'm rank 45 of 81 total ranks running on <nid004531>
Hello world, I'm rank 68 of 81 total ranks running on <nid004532>
Hello world, I'm rank 50 of 81 total ranks running on <nid004531>
Hello world, I'm rank 33 of 81 total ranks running on <nid004530>
Hello world, I'm rank 1 of 81 total ranks running on <nid004529>
Hello world, I'm rank 36 of 81 total ranks running on <nid004530>
Hello world, I'm rank 39 of 81 total ranks running on <nid004530>
Hello world, I'm rank 37 of 81 total ranks running on <nid004530>
Hello world, I'm rank 75 of 81 total ranks running on <nid004532>
Hello world, I'm rank 41 of 81 total ranks running on <nid004531>
Hello world, I'm rank 31 of 81 total ranks running on <nid004530>
