 srun -n 4 ./mpi_2dmesh -i ../data/zebra-gray-int8-4x -x 7112 -y 5146 -g 1  
Hello world, I'm rank 1 of 4 total ranks running on <nid004244>
Hello world, I'm rank 2 of 4 total ranks running on <nid004245>
Hello world, I'm rank 3 of 4 total ranks running on <nid004246>
Hello world, I'm rank 0 of 4 total ranks running on <nid004243>


Timing results from rank 0: 
	Scatter time:	18.7024 (ms) 
	Sobel time:	55.3346 (ms) 
	Gather time:	9.3407 (ms) 
 srun -n 4 ./mpi_2dmesh -i ../data/zebra-gray-int8-4x -x 7112 -y 5146 -g 2  
srun: Job 18114093 step creation temporarily disabled, retrying (Requested nodes are busy)
srun: Step created for StepId=18114093.1
Hello world, I'm rank 3 of 4 total ranks running on <nid004246>
Hello world, I'm rank 1 of 4 total ranks running on <nid004244>
Hello world, I'm rank 2 of 4 total ranks running on <nid004245>
Hello world, I'm rank 0 of 4 total ranks running on <nid004243>


Timing results from rank 0: 
	Scatter time:	40.0660 (ms) 
	Sobel time:	55.3802 (ms) 
	Gather time:	34.3935 (ms) 
 srun -n 4 ./mpi_2dmesh -i ../data/zebra-gray-int8-4x -x 7112 -y 5146 -g 3  
srun: Job 18114093 step creation temporarily disabled, retrying (Requested nodes are busy)
srun: Step created for StepId=18114093.2
Hello world, I'm rank 2 of 4 total ranks running on <nid004245>
Hello world, I'm rank 3 of 4 total ranks running on <nid004246>
Hello world, I'm rank 1 of 4 total ranks running on <nid004244>
Hello world, I'm rank 0 of 4 total ranks running on <nid004243>


Timing results from rank 0: 
	Scatter time:	37.5856 (ms) 
	Sobel time:	55.3863 (ms) 
	Gather time:	31.9857 (ms) 
 srun -n 9 ./mpi_2dmesh -i ../data/zebra-gray-int8-4x -x 7112 -y 5146 -g 1  
srun: Job 18114093 step creation temporarily disabled, retrying (Requested nodes are busy)
srun: Step created for StepId=18114093.3
Hello world, I'm rank 6 of 9 total ranks running on <nid004245>
Hello world, I'm rank 3 of 9 total ranks running on <nid004244>
Hello world, I'm rank 7 of 9 total ranks running on <nid004246>
Hello world, I'm rank 2 of 9 total ranks running on <nid004243>
Hello world, I'm rank 1 of 9 total ranks running on <nid004243>
Hello world, I'm rank 5 of 9 total ranks running on <nid004245>
Hello world, I'm rank 4 of 9 total ranks running on <nid004244>
Hello world, I'm rank 8 of 9 total ranks running on <nid004246>
Hello world, I'm rank 0 of 9 total ranks running on <nid004243>


Timing results from rank 0: 
	Scatter time:	15.3727 (ms) 
	Sobel time:	24.7903 (ms) 
	Gather time:	12.2991 (ms) 
 srun -n 9 ./mpi_2dmesh -i ../data/zebra-gray-int8-4x -x 7112 -y 5146 -g 2  
Hello world, I'm rank 3 of 9 total ranks running on <nid004244>
Hello world, I'm rank 4 of 9 total ranks running on <nid004244>
Hello world, I'm rank 7 of 9 total ranks running on <nid004246>
Hello world, I'm rank 5 of 9 total ranks running on <nid004245>
Hello world, I'm rank 8 of 9 total ranks running on <nid004246>
Hello world, I'm rank 6 of 9 total ranks running on <nid004245>
Hello world, I'm rank 1 of 9 total ranks running on <nid004243>
Hello world, I'm rank 2 of 9 total ranks running on <nid004243>
Hello world, I'm rank 0 of 9 total ranks running on <nid004243>


Timing results from rank 0: 
	Scatter time:	39.1503 (ms) 
	Sobel time:	24.9764 (ms) 
	Gather time:	28.5823 (ms) 
 srun -n 9 ./mpi_2dmesh -i ../data/zebra-gray-int8-4x -x 7112 -y 5146 -g 3  
srun: Job 18114093 step creation temporarily disabled, retrying (Requested nodes are busy)
srun: Step created for StepId=18114093.5
Hello world, I'm rank 7 of 9 total ranks running on <nid004246>
Hello world, I'm rank 6 of 9 total ranks running on <nid004245>
Hello world, I'm rank 8 of 9 total ranks running on <nid004246>
Hello world, I'm rank 4 of 9 total ranks running on <nid004244>
Hello world, I'm rank 1 of 9 total ranks running on <nid004243>
Hello world, I'm rank 3 of 9 total ranks running on <nid004244>
Hello world, I'm rank 5 of 9 total ranks running on <nid004245>
Hello world, I'm rank 2 of 9 total ranks running on <nid004243>
Hello world, I'm rank 0 of 9 total ranks running on <nid004243>


Timing results from rank 0: 
	Scatter time:	34.6833 (ms) 
	Sobel time:	25.6716 (ms) 
	Gather time:	25.8575 (ms) 
 srun -n 16 ./mpi_2dmesh -i ../data/zebra-gray-int8-4x -x 7112 -y 5146 -g 1  
srun: Job 18114093 step creation temporarily disabled, retrying (Requested nodes are busy)
srun: Step created for StepId=18114093.6
Hello world, I'm rank 13 of 16 total ranks running on <nid004246>
Hello world, I'm rank 2 of 16 total ranks running on <nid004243>
Hello world, I'm rank 14 of 16 total ranks running on <nid004246>
Hello world, I'm rank 10 of 16 total ranks running on <nid004245>
Hello world, I'm rank 12 of 16 total ranks running on <nid004246>
Hello world, I'm rank 3 of 16 total ranks running on <nid004243>
Hello world, I'm rank 15 of 16 total ranks running on <nid004246>
Hello world, I'm rank 5 of 16 total ranks running on <nid004244>
Hello world, I'm rank 8 of 16 total ranks running on <nid004245>
Hello world, I'm rank 1 of 16 total ranks running on <nid004243>
Hello world, I'm rank 9 of 16 total ranks running on <nid004245>
Hello world, I'm rank 4 of 16 total ranks running on <nid004244>
Hello world, I'm rank 6 of 16 total ranks running on <nid004244>
Hello world, I'm rank 11 of 16 total ranks running on <nid004245>
Hello world, I'm rank 7 of 16 total ranks running on <nid004244>
Hello world, I'm rank 0 of 16 total ranks running on <nid004243>


Timing results from rank 0: 
	Scatter time:	13.3023 (ms) 
	Sobel time:	14.1014 (ms) 
	Gather time:	11.1292 (ms) 
 srun -n 16 ./mpi_2dmesh -i ../data/zebra-gray-int8-4x -x 7112 -y 5146 -g 2  
srun: Job 18114093 step creation temporarily disabled, retrying (Requested nodes are busy)
srun: Step created for StepId=18114093.7
Hello world, I'm rank 3 of 16 total ranks running on <nid004243>
Hello world, I'm rank 13 of 16 total ranks running on <nid004246>
Hello world, I'm rank 1 of 16 total ranks running on <nid004243>
Hello world, I'm rank 15 of 16 total ranks running on <nid004246>
Hello world, I'm rank 12 of 16 total ranks running on <nid004246>
Hello world, I'm rank 8 of 16 total ranks running on <nid004245>
Hello world, I'm rank 9 of 16 total ranks running on <nid004245>
Hello world, I'm rank 10 of 16 total ranks running on <nid004245>
Hello world, I'm rank 14 of 16 total ranks running on <nid004246>
Hello world, I'm rank 11 of 16 total ranks running on <nid004245>
Hello world, I'm rank 2 of 16 total ranks running on <nid004243>
Hello world, I'm rank 4 of 16 total ranks running on <nid004244>
Hello world, I'm rank 5 of 16 total ranks running on <nid004244>
Hello world, I'm rank 7 of 16 total ranks running on <nid004244>
Hello world, I'm rank 6 of 16 total ranks running on <nid004244>
Hello world, I'm rank 0 of 16 total ranks running on <nid004243>


Timing results from rank 0: 
	Scatter time:	37.1900 (ms) 
	Sobel time:	14.4585 (ms) 
	Gather time:	32.8360 (ms) 
 srun -n 16 ./mpi_2dmesh -i ../data/zebra-gray-int8-4x -x 7112 -y 5146 -g 3  
srun: Job 18114093 step creation temporarily disabled, retrying (Requested nodes are busy)
srun: Step created for StepId=18114093.8
Hello world, I'm rank 10 of 16 total ranks running on <nid004245>
Hello world, I'm rank 12 of 16 total ranks running on <nid004246>
Hello world, I'm rank 15 of 16 total ranks running on <nid004246>
Hello world, I'm rank 11 of 16 total ranks running on <nid004245>
Hello world, I'm rank 1 of 16 total ranks running on <nid004243>
Hello world, I'm rank 14 of 16 total ranks running on <nid004246>
Hello world, I'm rank 2 of 16 total ranks running on <nid004243>
Hello world, I'm rank 3 of 16 total ranks running on <nid004243>
Hello world, I'm rank 8 of 16 total ranks running on <nid004245>
Hello world, I'm rank 13 of 16 total ranks running on <nid004246>
Hello world, I'm rank 9 of 16 total ranks running on <nid004245>
Hello world, I'm rank 0 of 16 total ranks running on <nid004243>


Timing results from rank 0: 
	Scatter time:	31.3083 (ms) 
	Sobel time:	13.9235 (ms) 
	Gather time:	25.3852 (ms) 
Hello world, I'm rank 4 of 16 total ranks running on <nid004244>
Hello world, I'm rank 5 of 16 total ranks running on <nid004244>
Hello world, I'm rank 6 of 16 total ranks running on <nid004244>
Hello world, I'm rank 7 of 16 total ranks running on <nid004244>
 srun -n 25 ./mpi_2dmesh -i ../data/zebra-gray-int8-4x -x 7112 -y 5146 -g 1  
srun: Job 18114093 step creation temporarily disabled, retrying (Requested nodes are busy)
srun: Step created for StepId=18114093.9
Hello world, I'm rank 24 of 25 total ranks running on <nid004246>
Hello world, I'm rank 14 of 25 total ranks running on <nid004245>
Hello world, I'm rank 12 of 25 total ranks running on <nid004244>
Hello world, I'm rank 6 of 25 total ranks running on <nid004243>
Hello world, I'm rank 13 of 25 total ranks running on <nid004245>
Hello world, I'm rank 9 of 25 total ranks running on <nid004244>
Hello world, I'm rank 15 of 25 total ranks running on <nid004245>
Hello world, I'm rank 17 of 25 total ranks running on <nid004245>
Hello world, I'm rank 11 of 25 total ranks running on <nid004244>
Hello world, I'm rank 18 of 25 total ranks running on <nid004245>
Hello world, I'm rank 2 of 25 total ranks running on <nid004243>
Hello world, I'm rank 5 of 25 total ranks running on <nid004243>
Hello world, I'm rank 16 of 25 total ranks running on <nid004245>
Hello world, I'm rank 8 of 25 total ranks running on <nid004244>
Hello world, I'm rank 4 of 25 total ranks running on <nid004243>
Hello world, I'm rank 10 of 25 total ranks running on <nid004244>
Hello world, I'm rank 3 of 25 total ranks running on <nid004243>
Hello world, I'm rank 7 of 25 total ranks running on <nid004244>
Hello world, I'm rank 22 of 25 total ranks running on <nid004246>
Hello world, I'm rank 1 of 25 total ranks running on <nid004243>
Hello world, I'm rank 21 of 25 total ranks running on <nid004246>
Hello world, I'm rank 19 of 25 total ranks running on <nid004246>
Hello world, I'm rank 23 of 25 total ranks running on <nid004246>
Hello world, I'm rank 20 of 25 total ranks running on <nid004246>
Hello world, I'm rank 0 of 25 total ranks running on <nid004243>


Timing results from rank 0: 
	Scatter time:	14.1891 (ms) 
	Sobel time:	10.3337 (ms) 
	Gather time:	12.7165 (ms) 
 srun -n 25 ./mpi_2dmesh -i ../data/zebra-gray-int8-4x -x 7112 -y 5146 -g 2  
srun: Job 18114093 step creation temporarily disabled, retrying (Requested nodes are busy)
srun: Step created for StepId=18114093.10
Hello world, I'm rank 11 of 25 total ranks running on <nid004244>
Hello world, I'm rank 20 of 25 total ranks running on <nid004246>
Hello world, I'm rank 14 of 25 total ranks running on <nid004245>
Hello world, I'm rank 13 of 25 total ranks running on <nid004245>
Hello world, I'm rank 8 of 25 total ranks running on <nid004244>
Hello world, I'm rank 22 of 25 total ranks running on <nid004246>
Hello world, I'm rank 12 of 25 total ranks running on <nid004244>
Hello world, I'm rank 21 of 25 total ranks running on <nid004246>
Hello world, I'm rank 23 of 25 total ranks running on <nid004246>
Hello world, I'm rank 17 of 25 total ranks running on <nid004245>
Hello world, I'm rank 4 of 25 total ranks running on <nid004243>
Hello world, I'm rank 10 of 25 total ranks running on <nid004244>
Hello world, I'm rank 7 of 25 total ranks running on <nid004244>
Hello world, I'm rank 15 of 25 total ranks running on <nid004245>
Hello world, I'm rank 18 of 25 total ranks running on <nid004245>
Hello world, I'm rank 24 of 25 total ranks running on <nid004246>
Hello world, I'm rank 9 of 25 total ranks running on <nid004244>
Hello world, I'm rank 19 of 25 total ranks running on <nid004246>
Hello world, I'm rank 6 of 25 total ranks running on <nid004243>
Hello world, I'm rank 2 of 25 total ranks running on <nid004243>
Hello world, I'm rank 5 of 25 total ranks running on <nid004243>
Hello world, I'm rank 16 of 25 total ranks running on <nid004245>
Hello world, I'm rank 3 of 25 total ranks running on <nid004243>
Hello world, I'm rank 1 of 25 total ranks running on <nid004243>
Hello world, I'm rank 0 of 25 total ranks running on <nid004243>


Timing results from rank 0: 
	Scatter time:	39.8238 (ms) 
	Sobel time:	9.4405 (ms) 
	Gather time:	32.4486 (ms) 
 srun -n 25 ./mpi_2dmesh -i ../data/zebra-gray-int8-4x -x 7112 -y 5146 -g 3  
srun: Job 18114093 step creation temporarily disabled, retrying (Requested nodes are busy)
srun: Step created for StepId=18114093.11
Hello world, I'm rank 10 of 25 total ranks running on <nid004244>
Hello world, I'm rank 17 of 25 total ranks running on <nid004245>
Hello world, I'm rank 12 of 25 total ranks running on <nid004244>
Hello world, I'm rank 15 of 25 total ranks running on <nid004245>
Hello world, I'm rank 21 of 25 total ranks running on <nid004246>
Hello world, I'm rank 13 of 25 total ranks running on <nid004245>
Hello world, I'm rank 16 of 25 total ranks running on <nid004245>
Hello world, I'm rank 20 of 25 total ranks running on <nid004246>
Hello world, I'm rank 1 of 25 total ranks running on <nid004243>
Hello world, I'm rank 22 of 25 total ranks running on <nid004246>
Hello world, I'm rank 19 of 25 total ranks running on <nid004246>
Hello world, I'm rank 23 of 25 total ranks running on <nid004246>
Hello world, I'm rank 18 of 25 total ranks running on <nid004245>
Hello world, I'm rank 14 of 25 total ranks running on <nid004245>
Hello world, I'm rank 24 of 25 total ranks running on <nid004246>
Hello world, I'm rank 4 of 25 total ranks running on <nid004243>
Hello world, I'm rank 3 of 25 total ranks running on <nid004243>
Hello world, I'm rank 6 of 25 total ranks running on <nid004243>
Hello world, I'm rank 11 of 25 total ranks running on <nid004244>
Hello world, I'm rank 2 of 25 total ranks running on <nid004243>
Hello world, I'm rank 7 of 25 total ranks running on <nid004244>
Hello world, I'm rank 9 of 25 total ranks running on <nid004244>
Hello world, I'm rank 5 of 25 total ranks running on <nid004243>
Hello world, I'm rank 0 of 25 total ranks running on <nid004243>


Timing results from rank 0: 
	Scatter time:	30.3985 (ms) 
	Sobel time:	9.3005 (ms) 
	Gather time:	25.8673 (ms) 
Hello world, I'm rank 8 of 25 total ranks running on <nid004244>
 srun -n 36 ./mpi_2dmesh -i ../data/zebra-gray-int8-4x -x 7112 -y 5146 -g 1  
srun: Job 18114093 step creation temporarily disabled, retrying (Requested nodes are busy)
srun: Job 18114093 step creation still disabled, retrying (Requested nodes are busy)
srun: Step created for StepId=18114093.12
Hello world, I'm rank 4 of 36 total ranks running on <nid004243>
Hello world, I'm rank 16 of 36 total ranks running on <nid004244>
Hello world, I'm rank 19 of 36 total ranks running on <nid004245>
Hello world, I'm rank 23 of 36 total ranks running on <nid004245>
Hello world, I'm rank 17 of 36 total ranks running on <nid004244>
Hello world, I'm rank 29 of 36 total ranks running on <nid004246>
Hello world, I'm rank 30 of 36 total ranks running on <nid004246>
Hello world, I'm rank 1 of 36 total ranks running on <nid004243>
Hello world, I'm rank 7 of 36 total ranks running on <nid004243>
Hello world, I'm rank 34 of 36 total ranks running on <nid004246>
Hello world, I'm rank 32 of 36 total ranks running on <nid004246>
Hello world, I'm rank 9 of 36 total ranks running on <nid004244>
Hello world, I'm rank 28 of 36 total ranks running on <nid004246>
Hello world, I'm rank 25 of 36 total ranks running on <nid004245>
Hello world, I'm rank 13 of 36 total ranks running on <nid004244>
Hello world, I'm rank 3 of 36 total ranks running on <nid004243>
Hello world, I'm rank 33 of 36 total ranks running on <nid004246>
Hello world, I'm rank 15 of 36 total ranks running on <nid004244>
Hello world, I'm rank 35 of 36 total ranks running on <nid004246>
Hello world, I'm rank 31 of 36 total ranks running on <nid004246>
Hello world, I'm rank 12 of 36 total ranks running on <nid004244>
Hello world, I'm rank 27 of 36 total ranks running on <nid004246>
Hello world, I'm rank 6 of 36 total ranks running on <nid004243>
Hello world, I'm rank 8 of 36 total ranks running on <nid004243>
Hello world, I'm rank 11 of 36 total ranks running on <nid004244>
Hello world, I'm rank 10 of 36 total ranks running on <nid004244>
Hello world, I'm rank 2 of 36 total ranks running on <nid004243>
Hello world, I'm rank 26 of 36 total ranks running on <nid004245>
Hello world, I'm rank 14 of 36 total ranks running on <nid004244>
Hello world, I'm rank 5 of 36 total ranks running on <nid004243>
Hello world, I'm rank 21 of 36 total ranks running on <nid004245>
Hello world, I'm rank 18 of 36 total ranks running on <nid004245>
Hello world, I'm rank 22 of 36 total ranks running on <nid004245>
Hello world, I'm rank 20 of 36 total ranks running on <nid004245>
Hello world, I'm rank 24 of 36 total ranks running on <nid004245>
Hello world, I'm rank 0 of 36 total ranks running on <nid004243>


Timing results from rank 0: 
	Scatter time:	13.5285 (ms) 
	Sobel time:	7.6229 (ms) 
	Gather time:	12.9119 (ms) 
 srun -n 36 ./mpi_2dmesh -i ../data/zebra-gray-int8-4x -x 7112 -y 5146 -g 2  
srun: Job 18114093 step creation temporarily disabled, retrying (Requested nodes are busy)
srun: Step created for StepId=18114093.13
Hello world, I'm rank 11 of 36 total ranks running on <nid004244>
Hello world, I'm rank 31 of 36 total ranks running on <nid004246>
Hello world, I'm rank 20 of 36 total ranks running on <nid004245>
Hello world, I'm rank 23 of 36 total ranks running on <nid004245>
Hello world, I'm rank 14 of 36 total ranks running on <nid004244>
Hello world, I'm rank 4 of 36 total ranks running on <nid004243>
Hello world, I'm rank 26 of 36 total ranks running on <nid004245>
Hello world, I'm rank 1 of 36 total ranks running on <nid004243>
Hello world, I'm rank 22 of 36 total ranks running on <nid004245>
Hello world, I'm rank 16 of 36 total ranks running on <nid004244>
Hello world, I'm rank 29 of 36 total ranks running on <nid004246>
Hello world, I'm rank 5 of 36 total ranks running on <nid004243>
Hello world, I'm rank 30 of 36 total ranks running on <nid004246>
Hello world, I'm rank 8 of 36 total ranks running on <nid004243>
Hello world, I'm rank 33 of 36 total ranks running on <nid004246>
Hello world, I'm rank 6 of 36 total ranks running on <nid004243>
Hello world, I'm rank 34 of 36 total ranks running on <nid004246>
Hello world, I'm rank 2 of 36 total ranks running on <nid004243>
Hello world, I'm rank 35 of 36 total ranks running on <nid004246>
Hello world, I'm rank 7 of 36 total ranks running on <nid004243>
Hello world, I'm rank 32 of 36 total ranks running on <nid004246>
Hello world, I'm rank 27 of 36 total ranks running on <nid004246>
Hello world, I'm rank 28 of 36 total ranks running on <nid004246>
Hello world, I'm rank 3 of 36 total ranks running on <nid004243>
Hello world, I'm rank 24 of 36 total ranks running on <nid004245>
Hello world, I'm rank 0 of 36 total ranks running on <nid004243>


Timing results from rank 0: 
	Scatter time:	36.5945 (ms) 
	Sobel time:	7.1141 (ms) 
	Gather time:	32.4449 (ms) 
Hello world, I'm rank 10 of 36 total ranks running on <nid004244>
Hello world, I'm rank 25 of 36 total ranks running on <nid004245>
Hello world, I'm rank 13 of 36 total ranks running on <nid004244>
Hello world, I'm rank 18 of 36 total ranks running on <nid004245>
Hello world, I'm rank 19 of 36 total ranks running on <nid004245>
Hello world, I'm rank 15 of 36 total ranks running on <nid004244>
Hello world, I'm rank 21 of 36 total ranks running on <nid004245>
Hello world, I'm rank 17 of 36 total ranks running on <nid004244>
Hello world, I'm rank 12 of 36 total ranks running on <nid004244>
Hello world, I'm rank 9 of 36 total ranks running on <nid004244>
 srun -n 36 ./mpi_2dmesh -i ../data/zebra-gray-int8-4x -x 7112 -y 5146 -g 3  
srun: Job 18114093 step creation temporarily disabled, retrying (Requested nodes are busy)
srun: Step created for StepId=18114093.14
Hello world, I'm rank 29 of 36 total ranks running on <nid004246>
Hello world, I'm rank 30 of 36 total ranks running on <nid004246>
Hello world, I'm rank 2 of 36 total ranks running on <nid004243>
Hello world, I'm rank 1 of 36 total ranks running on <nid004243>
Hello world, I'm rank 31 of 36 total ranks running on <nid004246>
Hello world, I'm rank 8 of 36 total ranks running on <nid004243>
Hello world, I'm rank 25 of 36 total ranks running on <nid004245>
Hello world, I'm rank 27 of 36 total ranks running on <nid004246>
Hello world, I'm rank 34 of 36 total ranks running on <nid004246>
Hello world, I'm rank 28 of 36 total ranks running on <nid004246>
Hello world, I'm rank 3 of 36 total ranks running on <nid004243>
Hello world, I'm rank 5 of 36 total ranks running on <nid004243>
Hello world, I'm rank 18 of 36 total ranks running on <nid004245>
Hello world, I'm rank 20 of 36 total ranks running on <nid004245>
Hello world, I'm rank 4 of 36 total ranks running on <nid004243>
Hello world, I'm rank 7 of 36 total ranks running on <nid004243>
Hello world, I'm rank 6 of 36 total ranks running on <nid004243>
Hello world, I'm rank 16 of 36 total ranks running on <nid004244>
Hello world, I'm rank 35 of 36 total ranks running on <nid004246>
Hello world, I'm rank 32 of 36 total ranks running on <nid004246>
Hello world, I'm rank 10 of 36 total ranks running on <nid004244>
Hello world, I'm rank 13 of 36 total ranks running on <nid004244>
Hello world, I'm rank 15 of 36 total ranks running on <nid004244>
Hello world, I'm rank 14 of 36 total ranks running on <nid004244>
Hello world, I'm rank 21 of 36 total ranks running on <nid004245>
Hello world, I'm rank 12 of 36 total ranks running on <nid004244>
Hello world, I'm rank 17 of 36 total ranks running on <nid004244>
Hello world, I'm rank 33 of 36 total ranks running on <nid004246>
Hello world, I'm rank 9 of 36 total ranks running on <nid004244>
Hello world, I'm rank 0 of 36 total ranks running on <nid004243>


Timing results from rank 0: 
	Scatter time:	32.5865 (ms) 
	Sobel time:	12.9438 (ms) 
	Gather time:	25.0006 (ms) 
Hello world, I'm rank 11 of 36 total ranks running on <nid004244>
Hello world, I'm rank 24 of 36 total ranks running on <nid004245>
Hello world, I'm rank 23 of 36 total ranks running on <nid004245>
Hello world, I'm rank 19 of 36 total ranks running on <nid004245>
Hello world, I'm rank 26 of 36 total ranks running on <nid004245>
Hello world, I'm rank 22 of 36 total ranks running on <nid004245>
 srun -n 49 ./mpi_2dmesh -i ../data/zebra-gray-int8-4x -x 7112 -y 5146 -g 1  
srun: Job 18114093 step creation temporarily disabled, retrying (Requested nodes are busy)
srun: Job 18114093 step creation still disabled, retrying (Requested nodes are busy)
srun: Step created for StepId=18114093.15
Hello world, I'm rank 38 of 49 total ranks running on <nid004246>
Hello world, I'm rank 33 of 49 total ranks running on <nid004245>
Hello world, I'm rank 36 of 49 total ranks running on <nid004245>
Hello world, I'm rank 44 of 49 total ranks running on <nid004246>
Hello world, I'm rank 31 of 49 total ranks running on <nid004245>
Hello world, I'm rank 27 of 49 total ranks running on <nid004245>
Hello world, I'm rank 34 of 49 total ranks running on <nid004245>
Hello world, I'm rank 39 of 49 total ranks running on <nid004246>
Hello world, I'm rank 20 of 49 total ranks running on <nid004244>
Hello world, I'm rank 46 of 49 total ranks running on <nid004246>
Hello world, I'm rank 23 of 49 total ranks running on <nid004244>
Hello world, I'm rank 2 of 49 total ranks running on <nid004243>
Hello world, I'm rank 37 of 49 total ranks running on <nid004246>
Hello world, I'm rank 7 of 49 total ranks running on <nid004243>
Hello world, I'm rank 41 of 49 total ranks running on <nid004246>
Hello world, I'm rank 45 of 49 total ranks running on <nid004246>
Hello world, I'm rank 42 of 49 total ranks running on <nid004246>
Hello world, I'm rank 40 of 49 total ranks running on <nid004246>
Hello world, I'm rank 15 of 49 total ranks running on <nid004244>
Hello world, I'm rank 48 of 49 total ranks running on <nid004246>
Hello world, I'm rank 6 of 49 total ranks running on <nid004243>
Hello world, I'm rank 47 of 49 total ranks running on <nid004246>
Hello world, I'm rank 14 of 49 total ranks running on <nid004244>
Hello world, I'm rank 24 of 49 total ranks running on <nid004244>
Hello world, I'm rank 4 of 49 total ranks running on <nid004243>
Hello world, I'm rank 11 of 49 total ranks running on <nid004243>
Hello world, I'm rank 9 of 49 total ranks running on <nid004243>
Hello world, I'm rank 43 of 49 total ranks running on <nid004246>
Hello world, I'm rank 35 of 49 total ranks running on <nid004245>
Hello world, I'm rank 30 of 49 total ranks running on <nid004245>
Hello world, I'm rank 3 of 49 total ranks running on <nid004243>
Hello world, I'm rank 32 of 49 total ranks running on <nid004245>
Hello world, I'm rank 12 of 49 total ranks running on <nid004243>
Hello world, I'm rank 29 of 49 total ranks running on <nid004245>
Hello world, I'm rank 8 of 49 total ranks running on <nid004243>
Hello world, I'm rank 10 of 49 total ranks running on <nid004243>
Hello world, I'm rank 26 of 49 total ranks running on <nid004245>
Hello world, I'm rank 5 of 49 total ranks running on <nid004243>
Hello world, I'm rank 28 of 49 total ranks running on <nid004245>
Hello world, I'm rank 16 of 49 total ranks running on <nid004244>
Hello world, I'm rank 19 of 49 total ranks running on <nid004244>
Hello world, I'm rank 18 of 49 total ranks running on <nid004244>
Hello world, I'm rank 25 of 49 total ranks running on <nid004245>
Hello world, I'm rank 17 of 49 total ranks running on <nid004244>
Hello world, I'm rank 21 of 49 total ranks running on <nid004244>
Hello world, I'm rank 1 of 49 total ranks running on <nid004243>
Hello world, I'm rank 22 of 49 total ranks running on <nid004244>
Hello world, I'm rank 13 of 49 total ranks running on <nid004244>
Hello world, I'm rank 0 of 49 total ranks running on <nid004243>


Timing results from rank 0: 
	Scatter time:	14.6565 (ms) 
	Sobel time:	5.0098 (ms) 
	Gather time:	15.5238 (ms) 
 srun -n 49 ./mpi_2dmesh -i ../data/zebra-gray-int8-4x -x 7112 -y 5146 -g 2  
srun: Job 18114093 step creation temporarily disabled, retrying (Requested nodes are busy)
srun: Step created for StepId=18114093.16
Hello world, I'm rank 20 of 49 total ranks running on <nid004244>
Hello world, I'm rank 44 of 49 total ranks running on <nid004246>
Hello world, I'm rank 39 of 49 total ranks running on <nid004246>
Hello world, I'm rank 36 of 49 total ranks running on <nid004245>
Hello world, I'm rank 40 of 49 total ranks running on <nid004246>
Hello world, I'm rank 5 of 49 total ranks running on <nid004243>
Hello world, I'm rank 2 of 49 total ranks running on <nid004243>
Hello world, I'm rank 46 of 49 total ranks running on <nid004246>
Hello world, I'm rank 29 of 49 total ranks running on <nid004245>
Hello world, I'm rank 47 of 49 total ranks running on <nid004246>
Hello world, I'm rank 30 of 49 total ranks running on <nid004245>
Hello world, I'm rank 4 of 49 total ranks running on <nid004243>
Hello world, I'm rank 38 of 49 total ranks running on <nid004246>
Hello world, I'm rank 41 of 49 total ranks running on <nid004246>
Hello world, I'm rank 21 of 49 total ranks running on <nid004244>
Hello world, I'm rank 12 of 49 total ranks running on <nid004243>
Hello world, I'm rank 16 of 49 total ranks running on <nid004244>
Hello world, I'm rank 43 of 49 total ranks running on <nid004246>
Hello world, I'm rank 13 of 49 total ranks running on <nid004244>
Hello world, I'm rank 24 of 49 total ranks running on <nid004244>
Hello world, I'm rank 35 of 49 total ranks running on <nid004245>
Hello world, I'm rank 48 of 49 total ranks running on <nid004246>
Hello world, I'm rank 9 of 49 total ranks running on <nid004243>
Hello world, I'm rank 8 of 49 total ranks running on <nid004243>
Hello world, I'm rank 22 of 49 total ranks running on <nid004244>
Hello world, I'm rank 7 of 49 total ranks running on <nid004243>
Hello world, I'm rank 31 of 49 total ranks running on <nid004245>
Hello world, I'm rank 34 of 49 total ranks running on <nid004245>
Hello world, I'm rank 6 of 49 total ranks running on <nid004243>
Hello world, I'm rank 10 of 49 total ranks running on <nid004243>
Hello world, I'm rank 25 of 49 total ranks running on <nid004245>
Hello world, I'm rank 27 of 49 total ranks running on <nid004245>
Hello world, I'm rank 28 of 49 total ranks running on <nid004245>
Hello world, I'm rank 33 of 49 total ranks running on <nid004245>
Hello world, I'm rank 26 of 49 total ranks running on <nid004245>
Hello world, I'm rank 1 of 49 total ranks running on <nid004243>
Hello world, I'm rank 42 of 49 total ranks running on <nid004246>
Hello world, I'm rank 3 of 49 total ranks running on <nid004243>
Hello world, I'm rank 45 of 49 total ranks running on <nid004246>
Hello world, I'm rank 15 of 49 total ranks running on <nid004244>
Hello world, I'm rank 32 of 49 total ranks running on <nid004245>
Hello world, I'm rank 37 of 49 total ranks running on <nid004246>
Hello world, I'm rank 0 of 49 total ranks running on <nid004243>


Timing results from rank 0: 
	Scatter time:	39.4131 (ms) 
	Sobel time:	5.0509 (ms) 
	Gather time:	33.8006 (ms) 
Hello world, I'm rank 23 of 49 total ranks running on <nid004244>
Hello world, I'm rank 11 of 49 total ranks running on <nid004243>
Hello world, I'm rank 14 of 49 total ranks running on <nid004244>
Hello world, I'm rank 18 of 49 total ranks running on <nid004244>
Hello world, I'm rank 17 of 49 total ranks running on <nid004244>
Hello world, I'm rank 19 of 49 total ranks running on <nid004244>
 srun -n 49 ./mpi_2dmesh -i ../data/zebra-gray-int8-4x -x 7112 -y 5146 -g 3  
srun: Job 18114093 step creation temporarily disabled, retrying (Requested nodes are busy)
srun: Step created for StepId=18114093.17
Hello world, I'm rank 35 of 49 total ranks running on <nid004245>
Hello world, I'm rank 41 of 49 total ranks running on <nid004246>
Hello world, I'm rank 21 of 49 total ranks running on <nid004244>
Hello world, I'm rank 19 of 49 total ranks running on <nid004244>
Hello world, I'm rank 37 of 49 total ranks running on <nid004246>
Hello world, I'm rank 1 of 49 total ranks running on <nid004243>
Hello world, I'm rank 25 of 49 total ranks running on <nid004245>
Hello world, I'm rank 5 of 49 total ranks running on <nid004243>
Hello world, I'm rank 14 of 49 total ranks running on <nid004244>
Hello world, I'm rank 47 of 49 total ranks running on <nid004246>
Hello world, I'm rank 7 of 49 total ranks running on <nid004243>
Hello world, I'm rank 17 of 49 total ranks running on <nid004244>
Hello world, I'm rank 2 of 49 total ranks running on <nid004243>
Hello world, I'm rank 33 of 49 total ranks running on <nid004245>
Hello world, I'm rank 46 of 49 total ranks running on <nid004246>
Hello world, I'm rank 3 of 49 total ranks running on <nid004243>
Hello world, I'm rank 29 of 49 total ranks running on <nid004245>
Hello world, I'm rank 38 of 49 total ranks running on <nid004246>
Hello world, I'm rank 27 of 49 total ranks running on <nid004245>
Hello world, I'm rank 44 of 49 total ranks running on <nid004246>
Hello world, I'm rank 6 of 49 total ranks running on <nid004243>
Hello world, I'm rank 11 of 49 total ranks running on <nid004243>
Hello world, I'm rank 42 of 49 total ranks running on <nid004246>
Hello world, I'm rank 36 of 49 total ranks running on <nid004245>
Hello world, I'm rank 8 of 49 total ranks running on <nid004243>
Hello world, I'm rank 48 of 49 total ranks running on <nid004246>
Hello world, I'm rank 23 of 49 total ranks running on <nid004244>
Hello world, I'm rank 12 of 49 total ranks running on <nid004243>
Hello world, I'm rank 39 of 49 total ranks running on <nid004246>
Hello world, I'm rank 40 of 49 total ranks running on <nid004246>
Hello world, I'm rank 4 of 49 total ranks running on <nid004243>
Hello world, I'm rank 10 of 49 total ranks running on <nid004243>
Hello world, I'm rank 28 of 49 total ranks running on <nid004245>
Hello world, I'm rank 43 of 49 total ranks running on <nid004246>
Hello world, I'm rank 9 of 49 total ranks running on <nid004243>
Hello world, I'm rank 30 of 49 total ranks running on <nid004245>
Hello world, I'm rank 31 of 49 total ranks running on <nid004245>
Hello world, I'm rank 45 of 49 total ranks running on <nid004246>
Hello world, I'm rank 34 of 49 total ranks running on <nid004245>
Hello world, I'm rank 32 of 49 total ranks running on <nid004245>
Hello world, I'm rank 15 of 49 total ranks running on <nid004244>
Hello world, I'm rank 22 of 49 total ranks running on <nid004244>
Hello world, I'm rank 26 of 49 total ranks running on <nid004245>
Hello world, I'm rank 20 of 49 total ranks running on <nid004244>
Hello world, I'm rank 18 of 49 total ranks running on <nid004244>
Hello world, I'm rank 16 of 49 total ranks running on <nid004244>
Hello world, I'm rank 24 of 49 total ranks running on <nid004244>
Hello world, I'm rank 0 of 49 total ranks running on <nid004243>


Timing results from rank 0: 
	Scatter time:	31.8942 (ms) 
	Sobel time:	5.1359 (ms) 
	Gather time:	26.4024 (ms) 
Hello world, I'm rank 13 of 49 total ranks running on <nid004244>
 srun -n 64 ./mpi_2dmesh -i ../data/zebra-gray-int8-4x -x 7112 -y 5146 -g 1  
srun: Job 18114093 step creation temporarily disabled, retrying (Requested nodes are busy)
srun: Step created for StepId=18114093.18
Hello world, I'm rank 26 of 64 total ranks running on <nid004244>
Hello world, I'm rank 35 of 64 total ranks running on <nid004245>
Hello world, I'm rank 7 of 64 total ranks running on <nid004243>
Hello world, I'm rank 15 of 64 total ranks running on <nid004243>
Hello world, I'm rank 33 of 64 total ranks running on <nid004245>
Hello world, I'm rank 34 of 64 total ranks running on <nid004245>
Hello world, I'm rank 60 of 64 total ranks running on <nid004246>
Hello world, I'm rank 47 of 64 total ranks running on <nid004245>
Hello world, I'm rank 50 of 64 total ranks running on <nid004246>
Hello world, I'm rank 44 of 64 total ranks running on <nid004245>
Hello world, I'm rank 1 of 64 total ranks running on <nid004243>
Hello world, I'm rank 5 of 64 total ranks running on <nid004243>
Hello world, I'm rank 25 of 64 total ranks running on <nid004244>
Hello world, I'm rank 4 of 64 total ranks running on <nid004243>
Hello world, I'm rank 49 of 64 total ranks running on <nid004246>
Hello world, I'm rank 3 of 64 total ranks running on <nid004243>
Hello world, I'm rank 52 of 64 total ranks running on <nid004246>
Hello world, I'm rank 55 of 64 total ranks running on <nid004246>
Hello world, I'm rank 28 of 64 total ranks running on <nid004244>
Hello world, I'm rank 30 of 64 total ranks running on <nid004244>
Hello world, I'm rank 53 of 64 total ranks running on <nid004246>
Hello world, I'm rank 58 of 64 total ranks running on <nid004246>
Hello world, I'm rank 16 of 64 total ranks running on <nid004244>
Hello world, I'm rank 6 of 64 total ranks running on <nid004243>
Hello world, I'm rank 13 of 64 total ranks running on <nid004243>
Hello world, I'm rank 63 of 64 total ranks running on <nid004246>
Hello world, I'm rank 19 of 64 total ranks running on <nid004244>
Hello world, I'm rank 12 of 64 total ranks running on <nid004243>
Hello world, I'm rank 57 of 64 total ranks running on <nid004246>
Hello world, I'm rank 48 of 64 total ranks running on <nid004246>
Hello world, I'm rank 20 of 64 total ranks running on <nid004244>
Hello world, I'm rank 51 of 64 total ranks running on <nid004246>
Hello world, I'm rank 61 of 64 total ranks running on <nid004246>
Hello world, I'm rank 62 of 64 total ranks running on <nid004246>
Hello world, I'm rank 29 of 64 total ranks running on <nid004244>
Hello world, I'm rank 8 of 64 total ranks running on <nid004243>
Hello world, I'm rank 14 of 64 total ranks running on <nid004243>
Hello world, I'm rank 9 of 64 total ranks running on <nid004243>
Hello world, I'm rank 54 of 64 total ranks running on <nid004246>
Hello world, I'm rank 2 of 64 total ranks running on <nid004243>
Hello world, I'm rank 56 of 64 total ranks running on <nid004246>
Hello world, I'm rank 21 of 64 total ranks running on <nid004244>
Hello world, I'm rank 11 of 64 total ranks running on <nid004243>
Hello world, I'm rank 27 of 64 total ranks running on <nid004244>
Hello world, I'm rank 23 of 64 total ranks running on <nid004244>
Hello world, I'm rank 31 of 64 total ranks running on <nid004244>
Hello world, I'm rank 43 of 64 total ranks running on <nid004245>
Hello world, I'm rank 59 of 64 total ranks running on <nid004246>
Hello world, I'm rank 10 of 64 total ranks running on <nid004243>
Hello world, I'm rank 22 of 64 total ranks running on <nid004244>
Hello world, I'm rank 18 of 64 total ranks running on <nid004244>
Hello world, I'm rank 17 of 64 total ranks running on <nid004244>
Hello world, I'm rank 24 of 64 total ranks running on <nid004244>
Hello world, I'm rank 36 of 64 total ranks running on <nid004245>
Hello world, I'm rank 37 of 64 total ranks running on <nid004245>
Hello world, I'm rank 45 of 64 total ranks running on <nid004245>
Hello world, I'm rank 39 of 64 total ranks running on <nid004245>
Hello world, I'm rank 41 of 64 total ranks running on <nid004245>
Hello world, I'm rank 38 of 64 total ranks running on <nid004245>
Hello world, I'm rank 32 of 64 total ranks running on <nid004245>
Hello world, I'm rank 46 of 64 total ranks running on <nid004245>
Hello world, I'm rank 40 of 64 total ranks running on <nid004245>
Hello world, I'm rank 42 of 64 total ranks running on <nid004245>
Hello world, I'm rank 0 of 64 total ranks running on <nid004243>


Timing results from rank 0: 
	Scatter time:	15.4406 (ms) 
	Sobel time:	6.7736 (ms) 
	Gather time:	16.4748 (ms) 
 srun -n 64 ./mpi_2dmesh -i ../data/zebra-gray-int8-4x -x 7112 -y 5146 -g 2  
srun: Job 18114093 step creation temporarily disabled, retrying (Requested nodes are busy)
srun: Step created for StepId=18114093.19
Hello world, I'm rank 59 of 64 total ranks running on <nid004246>
Hello world, I'm rank 4 of 64 total ranks running on <nid004243>
Hello world, I'm rank 13 of 64 total ranks running on <nid004243>
Hello world, I'm rank 3 of 64 total ranks running on <nid004243>
Hello world, I'm rank 44 of 64 total ranks running on <nid004245>
Hello world, I'm rank 27 of 64 total ranks running on <nid004244>
Hello world, I'm rank 47 of 64 total ranks running on <nid004245>
Hello world, I'm rank 53 of 64 total ranks running on <nid004246>
Hello world, I'm rank 36 of 64 total ranks running on <nid004245>
Hello world, I'm rank 28 of 64 total ranks running on <nid004244>
Hello world, I'm rank 23 of 64 total ranks running on <nid004244>
Hello world, I'm rank 1 of 64 total ranks running on <nid004243>
Hello world, I'm rank 5 of 64 total ranks running on <nid004243>
Hello world, I'm rank 37 of 64 total ranks running on <nid004245>
Hello world, I'm rank 43 of 64 total ranks running on <nid004245>
Hello world, I'm rank 18 of 64 total ranks running on <nid004244>
Hello world, I'm rank 56 of 64 total ranks running on <nid004246>
Hello world, I'm rank 63 of 64 total ranks running on <nid004246>
Hello world, I'm rank 20 of 64 total ranks running on <nid004244>
Hello world, I'm rank 21 of 64 total ranks running on <nid004244>
Hello world, I'm rank 29 of 64 total ranks running on <nid004244>
Hello world, I'm rank 58 of 64 total ranks running on <nid004246>
Hello world, I'm rank 52 of 64 total ranks running on <nid004246>
Hello world, I'm rank 54 of 64 total ranks running on <nid004246>
Hello world, I'm rank 35 of 64 total ranks running on <nid004245>
Hello world, I'm rank 57 of 64 total ranks running on <nid004246>
Hello world, I'm rank 61 of 64 total ranks running on <nid004246>
Hello world, I'm rank 42 of 64 total ranks running on <nid004245>
Hello world, I'm rank 45 of 64 total ranks running on <nid004245>
Hello world, I'm rank 33 of 64 total ranks running on <nid004245>
Hello world, I'm rank 8 of 64 total ranks running on <nid004243>
Hello world, I'm rank 10 of 64 total ranks running on <nid004243>
Hello world, I'm rank 14 of 64 total ranks running on <nid004243>
Hello world, I'm rank 7 of 64 total ranks running on <nid004243>
Hello world, I'm rank 39 of 64 total ranks running on <nid004245>
Hello world, I'm rank 11 of 64 total ranks running on <nid004243>
Hello world, I'm rank 24 of 64 total ranks running on <nid004244>
Hello world, I'm rank 0 of 64 total ranks running on <nid004243>


Timing results from rank 0: 
	Scatter time:	36.1566 (ms) 
	Sobel time:	6.5927 (ms) 
	Gather time:	33.2097 (ms) 
Hello world, I'm rank 15 of 64 total ranks running on <nid004243>
Hello world, I'm rank 9 of 64 total ranks running on <nid004243>
Hello world, I'm rank 49 of 64 total ranks running on <nid004246>
Hello world, I'm rank 6 of 64 total ranks running on <nid004243>
Hello world, I'm rank 12 of 64 total ranks running on <nid004243>
Hello world, I'm rank 48 of 64 total ranks running on <nid004246>
Hello world, I'm rank 19 of 64 total ranks running on <nid004244>
Hello world, I'm rank 62 of 64 total ranks running on <nid004246>
Hello world, I'm rank 51 of 64 total ranks running on <nid004246>
Hello world, I'm rank 46 of 64 total ranks running on <nid004245>
Hello world, I'm rank 55 of 64 total ranks running on <nid004246>
Hello world, I'm rank 60 of 64 total ranks running on <nid004246>
Hello world, I'm rank 41 of 64 total ranks running on <nid004245>
Hello world, I'm rank 22 of 64 total ranks running on <nid004244>
Hello world, I'm rank 38 of 64 total ranks running on <nid004245>
Hello world, I'm rank 2 of 64 total ranks running on <nid004243>
Hello world, I'm rank 34 of 64 total ranks running on <nid004245>
Hello world, I'm rank 40 of 64 total ranks running on <nid004245>
Hello world, I'm rank 16 of 64 total ranks running on <nid004244>
Hello world, I'm rank 50 of 64 total ranks running on <nid004246>
Hello world, I'm rank 25 of 64 total ranks running on <nid004244>
Hello world, I'm rank 32 of 64 total ranks running on <nid004245>
Hello world, I'm rank 26 of 64 total ranks running on <nid004244>
Hello world, I'm rank 30 of 64 total ranks running on <nid004244>
Hello world, I'm rank 31 of 64 total ranks running on <nid004244>
Hello world, I'm rank 17 of 64 total ranks running on <nid004244>
 srun -n 64 ./mpi_2dmesh -i ../data/zebra-gray-int8-4x -x 7112 -y 5146 -g 3  
srun: Job 18114093 step creation temporarily disabled, retrying (Requested nodes are busy)
srun: Step created for StepId=18114093.20
Hello world, I'm rank 52 of 64 total ranks running on <nid004246>
Hello world, I'm rank 55 of 64 total ranks running on <nid004246>
Hello world, I'm rank 24 of 64 total ranks running on <nid004244>
Hello world, I'm rank 40 of 64 total ranks running on <nid004245>
Hello world, I'm rank 3 of 64 total ranks running on <nid004243>
Hello world, I'm rank 43 of 64 total ranks running on <nid004245>
Hello world, I'm rank 57 of 64 total ranks running on <nid004246>
Hello world, I'm rank 26 of 64 total ranks running on <nid004244>
Hello world, I'm rank 34 of 64 total ranks running on <nid004245>
Hello world, I'm rank 25 of 64 total ranks running on <nid004244>
Hello world, I'm rank 46 of 64 total ranks running on <nid004245>
Hello world, I'm rank 47 of 64 total ranks running on <nid004245>
Hello world, I'm rank 32 of 64 total ranks running on <nid004245>
Hello world, I'm rank 5 of 64 total ranks running on <nid004243>
Hello world, I'm rank 7 of 64 total ranks running on <nid004243>
Hello world, I'm rank 31 of 64 total ranks running on <nid004244>
Hello world, I'm rank 59 of 64 total ranks running on <nid004246>
Hello world, I'm rank 14 of 64 total ranks running on <nid004243>
Hello world, I'm rank 49 of 64 total ranks running on <nid004246>
Hello world, I'm rank 39 of 64 total ranks running on <nid004245>
Hello world, I'm rank 62 of 64 total ranks running on <nid004246>
Hello world, I'm rank 60 of 64 total ranks running on <nid004246>
Hello world, I'm rank 15 of 64 total ranks running on <nid004243>
Hello world, I'm rank 4 of 64 total ranks running on <nid004243>
Hello world, I'm rank 8 of 64 total ranks running on <nid004243>
Hello world, I'm rank 63 of 64 total ranks running on <nid004246>
Hello world, I'm rank 12 of 64 total ranks running on <nid004243>
Hello world, I'm rank 56 of 64 total ranks running on <nid004246>
Hello world, I'm rank 2 of 64 total ranks running on <nid004243>
Hello world, I'm rank 13 of 64 total ranks running on <nid004243>
Hello world, I'm rank 37 of 64 total ranks running on <nid004245>
Hello world, I'm rank 42 of 64 total ranks running on <nid004245>
Hello world, I'm rank 11 of 64 total ranks running on <nid004243>
Hello world, I'm rank 44 of 64 total ranks running on <nid004245>
Hello world, I'm rank 45 of 64 total ranks running on <nid004245>
Hello world, I'm rank 21 of 64 total ranks running on <nid004244>
Hello world, I'm rank 1 of 64 total ranks running on <nid004243>
Hello world, I'm rank 10 of 64 total ranks running on <nid004243>
Hello world, I'm rank 36 of 64 total ranks running on <nid004245>
Hello world, I'm rank 9 of 64 total ranks running on <nid004243>
Hello world, I'm rank 48 of 64 total ranks running on <nid004246>
Hello world, I'm rank 58 of 64 total ranks running on <nid004246>
Hello world, I'm rank 33 of 64 total ranks running on <nid004245>
Hello world, I'm rank 35 of 64 total ranks running on <nid004245>
Hello world, I'm rank 38 of 64 total ranks running on <nid004245>
Hello world, I'm rank 0 of 64 total ranks running on <nid004243>


Timing results from rank 0: 
	Scatter time:	33.5221 (ms) 
	Sobel time:	4.2791 (ms) 
	Gather time:	30.4195 (ms) 
Hello world, I'm rank 6 of 64 total ranks running on <nid004243>
Hello world, I'm rank 41 of 64 total ranks running on <nid004245>
Hello world, I'm rank 53 of 64 total ranks running on <nid004246>
Hello world, I'm rank 61 of 64 total ranks running on <nid004246>
Hello world, I'm rank 51 of 64 total ranks running on <nid004246>
Hello world, I'm rank 54 of 64 total ranks running on <nid004246>
Hello world, I'm rank 28 of 64 total ranks running on <nid004244>
Hello world, I'm rank 50 of 64 total ranks running on <nid004246>
Hello world, I'm rank 22 of 64 total ranks running on <nid004244>
Hello world, I'm rank 23 of 64 total ranks running on <nid004244>
Hello world, I'm rank 29 of 64 total ranks running on <nid004244>
Hello world, I'm rank 30 of 64 total ranks running on <nid004244>
Hello world, I'm rank 19 of 64 total ranks running on <nid004244>
Hello world, I'm rank 20 of 64 total ranks running on <nid004244>
Hello world, I'm rank 17 of 64 total ranks running on <nid004244>
Hello world, I'm rank 16 of 64 total ranks running on <nid004244>
Hello world, I'm rank 18 of 64 total ranks running on <nid004244>
Hello world, I'm rank 27 of 64 total ranks running on <nid004244>
 srun -n 81 ./mpi_2dmesh -i ../data/zebra-gray-int8-4x -x 7112 -y 5146 -g 1  
srun: Job 18114093 step creation temporarily disabled, retrying (Requested nodes are busy)
srun: Step created for StepId=18114093.21
Hello world, I'm rank 55 of 81 total ranks running on <nid004245>
Hello world, I'm rank 13 of 81 total ranks running on <nid004243>
Hello world, I'm rank 6 of 81 total ranks running on <nid004243>
Hello world, I'm rank 48 of 81 total ranks running on <nid004245>
Hello world, I'm rank 39 of 81 total ranks running on <nid004244>
Hello world, I'm rank 74 of 81 total ranks running on <nid004246>
Hello world, I'm rank 28 of 81 total ranks running on <nid004244>
Hello world, I'm rank 43 of 81 total ranks running on <nid004245>
Hello world, I'm rank 46 of 81 total ranks running on <nid004245>
Hello world, I'm rank 63 of 81 total ranks running on <nid004246>
Hello world, I'm rank 58 of 81 total ranks running on <nid004245>
Hello world, I'm rank 14 of 81 total ranks running on <nid004243>
Hello world, I'm rank 23 of 81 total ranks running on <nid004244>
Hello world, I'm rank 17 of 81 total ranks running on <nid004243>
Hello world, I'm rank 64 of 81 total ranks running on <nid004246>
Hello world, I'm rank 38 of 81 total ranks running on <nid004244>
Hello world, I'm rank 3 of 81 total ranks running on <nid004243>
Hello world, I'm rank 24 of 81 total ranks running on <nid004244>
Hello world, I'm rank 80 of 81 total ranks running on <nid004246>
Hello world, I'm rank 21 of 81 total ranks running on <nid004244>
Hello world, I'm rank 70 of 81 total ranks running on <nid004246>
Hello world, I'm rank 79 of 81 total ranks running on <nid004246>
Hello world, I'm rank 4 of 81 total ranks running on <nid004243>
Hello world, I'm rank 8 of 81 total ranks running on <nid004243>
Hello world, I'm rank 10 of 81 total ranks running on <nid004243>
Hello world, I'm rank 76 of 81 total ranks running on <nid004246>
Hello world, I'm rank 49 of 81 total ranks running on <nid004245>
Hello world, I'm rank 1 of 81 total ranks running on <nid004243>
Hello world, I'm rank 12 of 81 total ranks running on <nid004243>
Hello world, I'm rank 33 of 81 total ranks running on <nid004244>
Hello world, I'm rank 50 of 81 total ranks running on <nid004245>
Hello world, I'm rank 59 of 81 total ranks running on <nid004245>
Hello world, I'm rank 62 of 81 total ranks running on <nid004246>
Hello world, I'm rank 60 of 81 total ranks running on <nid004245>
Hello world, I'm rank 75 of 81 total ranks running on <nid004246>
Hello world, I'm rank 30 of 81 total ranks running on <nid004244>
Hello world, I'm rank 31 of 81 total ranks running on <nid004244>
Hello world, I'm rank 67 of 81 total ranks running on <nid004246>
Hello world, I'm rank 61 of 81 total ranks running on <nid004246>
Hello world, I'm rank 15 of 81 total ranks running on <nid004243>
Hello world, I'm rank 54 of 81 total ranks running on <nid004245>
Hello world, I'm rank 32 of 81 total ranks running on <nid004244>
Hello world, I'm rank 2 of 81 total ranks running on <nid004243>
Hello world, I'm rank 68 of 81 total ranks running on <nid004246>
Hello world, I'm rank 9 of 81 total ranks running on <nid004243>
Hello world, I'm rank 45 of 81 total ranks running on <nid004245>
Hello world, I'm rank 71 of 81 total ranks running on <nid004246>
Hello world, I'm rank 77 of 81 total ranks running on <nid004246>
Hello world, I'm rank 11 of 81 total ranks running on <nid004243>
Hello world, I'm rank 7 of 81 total ranks running on <nid004243>
Hello world, I'm rank 47 of 81 total ranks running on <nid004245>
Hello world, I'm rank 5 of 81 total ranks running on <nid004243>
Hello world, I'm rank 52 of 81 total ranks running on <nid004245>
Hello world, I'm rank 44 of 81 total ranks running on <nid004245>
Hello world, I'm rank 56 of 81 total ranks running on <nid004245>
Hello world, I'm rank 57 of 81 total ranks running on <nid004245>
Hello world, I'm rank 16 of 81 total ranks running on <nid004243>
Hello world, I'm rank 65 of 81 total ranks running on <nid004246>
Hello world, I'm rank 53 of 81 total ranks running on <nid004245>
Hello world, I'm rank 72 of 81 total ranks running on <nid004246>
Hello world, I'm rank 19 of 81 total ranks running on <nid004243>
Hello world, I'm rank 41 of 81 total ranks running on <nid004245>
Hello world, I'm rank 78 of 81 total ranks running on <nid004246>
Hello world, I'm rank 51 of 81 total ranks running on <nid004245>
Hello world, I'm rank 66 of 81 total ranks running on <nid004246>
Hello world, I'm rank 18 of 81 total ranks running on <nid004243>
Hello world, I'm rank 69 of 81 total ranks running on <nid004246>
Hello world, I'm rank 42 of 81 total ranks running on <nid004245>
Hello world, I'm rank 27 of 81 total ranks running on <nid004244>
Hello world, I'm rank 20 of 81 total ranks running on <nid004243>
Hello world, I'm rank 73 of 81 total ranks running on <nid004246>
Hello world, I'm rank 25 of 81 total ranks running on <nid004244>
Hello world, I'm rank 26 of 81 total ranks running on <nid004244>
Hello world, I'm rank 35 of 81 total ranks running on <nid004244>
Hello world, I'm rank 36 of 81 total ranks running on <nid004244>
Hello world, I'm rank 37 of 81 total ranks running on <nid004244>
Hello world, I'm rank 34 of 81 total ranks running on <nid004244>
Hello world, I'm rank 22 of 81 total ranks running on <nid004244>
Hello world, I'm rank 40 of 81 total ranks running on <nid004244>
Hello world, I'm rank 29 of 81 total ranks running on <nid004244>
Hello world, I'm rank 0 of 81 total ranks running on <nid004243>


Timing results from rank 0: 
	Scatter time:	14.7508 (ms) 
	Sobel time:	5.0484 (ms) 
	Gather time:	16.9329 (ms) 
 srun -n 81 ./mpi_2dmesh -i ../data/zebra-gray-int8-4x -x 7112 -y 5146 -g 2  
srun: Job 18114093 step creation temporarily disabled, retrying (Requested nodes are busy)
srun: Step created for StepId=18114093.22
Hello world, I'm rank 22 of 81 total ranks running on <nid004244>
Hello world, I'm rank 1 of 81 total ranks running on <nid004243>
Hello world, I'm rank 62 of 81 total ranks running on <nid004246>
Hello world, I'm rank 40 of 81 total ranks running on <nid004244>
Hello world, I'm rank 80 of 81 total ranks running on <nid004246>
Hello world, I'm rank 45 of 81 total ranks running on <nid004245>
Hello world, I'm rank 55 of 81 total ranks running on <nid004245>
Hello world, I'm rank 59 of 81 total ranks running on <nid004245>
Hello world, I'm rank 7 of 81 total ranks running on <nid004243>
Hello world, I'm rank 53 of 81 total ranks running on <nid004245>
Hello world, I'm rank 34 of 81 total ranks running on <nid004244>
Hello world, I'm rank 60 of 81 total ranks running on <nid004245>
Hello world, I'm rank 71 of 81 total ranks running on <nid004246>
Hello world, I'm rank 15 of 81 total ranks running on <nid004243>
Hello world, I'm rank 18 of 81 total ranks running on <nid004243>
Hello world, I'm rank 73 of 81 total ranks running on <nid004246>
Hello world, I'm rank 5 of 81 total ranks running on <nid004243>
Hello world, I'm rank 75 of 81 total ranks running on <nid004246>
Hello world, I'm rank 32 of 81 total ranks running on <nid004244>
Hello world, I'm rank 39 of 81 total ranks running on <nid004244>
Hello world, I'm rank 33 of 81 total ranks running on <nid004244>
Hello world, I'm rank 70 of 81 total ranks running on <nid004246>
Hello world, I'm rank 4 of 81 total ranks running on <nid004243>
Hello world, I'm rank 65 of 81 total ranks running on <nid004246>
Hello world, I'm rank 25 of 81 total ranks running on <nid004244>
Hello world, I'm rank 54 of 81 total ranks running on <nid004245>
Hello world, I'm rank 21 of 81 total ranks running on <nid004244>
Hello world, I'm rank 47 of 81 total ranks running on <nid004245>
Hello world, I'm rank 17 of 81 total ranks running on <nid004243>
Hello world, I'm rank 66 of 81 total ranks running on <nid004246>
Hello world, I'm rank 19 of 81 total ranks running on <nid004243>
Hello world, I'm rank 69 of 81 total ranks running on <nid004246>
Hello world, I'm rank 58 of 81 total ranks running on <nid004245>
Hello world, I'm rank 43 of 81 total ranks running on <nid004245>
Hello world, I'm rank 67 of 81 total ranks running on <nid004246>
Hello world, I'm rank 26 of 81 total ranks running on <nid004244>
Hello world, I'm rank 42 of 81 total ranks running on <nid004245>
Hello world, I'm rank 64 of 81 total ranks running on <nid004246>
Hello world, I'm rank 6 of 81 total ranks running on <nid004243>
Hello world, I'm rank 2 of 81 total ranks running on <nid004243>
Hello world, I'm rank 10 of 81 total ranks running on <nid004243>
Hello world, I'm rank 29 of 81 total ranks running on <nid004244>
Hello world, I'm rank 44 of 81 total ranks running on <nid004245>
Hello world, I'm rank 20 of 81 total ranks running on <nid004243>
Hello world, I'm rank 16 of 81 total ranks running on <nid004243>
Hello world, I'm rank 14 of 81 total ranks running on <nid004243>
Hello world, I'm rank 11 of 81 total ranks running on <nid004243>
Hello world, I'm rank 3 of 81 total ranks running on <nid004243>
Hello world, I'm rank 24 of 81 total ranks running on <nid004244>
Hello world, I'm rank 8 of 81 total ranks running on <nid004243>
Hello world, I'm rank 12 of 81 total ranks running on <nid004243>
Hello world, I'm rank 13 of 81 total ranks running on <nid004243>
Hello world, I'm rank 46 of 81 total ranks running on <nid004245>
Hello world, I'm rank 49 of 81 total ranks running on <nid004245>
Hello world, I'm rank 52 of 81 total ranks running on <nid004245>
Hello world, I'm rank 28 of 81 total ranks running on <nid004244>
Hello world, I'm rank 63 of 81 total ranks running on <nid004246>
Hello world, I'm rank 0 of 81 total ranks running on <nid004243>


Timing results from rank 0: 
	Scatter time:	39.6822 (ms) 
	Sobel time:	5.2864 (ms) 
	Gather time:	32.3903 (ms) 
Hello world, I'm rank 79 of 81 total ranks running on <nid004246>
Hello world, I'm rank 41 of 81 total ranks running on <nid004245>
Hello world, I'm rank 57 of 81 total ranks running on <nid004245>
Hello world, I'm rank 50 of 81 total ranks running on <nid004245>
Hello world, I'm rank 56 of 81 total ranks running on <nid004245>
Hello world, I'm rank 48 of 81 total ranks running on <nid004245>
Hello world, I'm rank 9 of 81 total ranks running on <nid004243>
Hello world, I'm rank 68 of 81 total ranks running on <nid004246>
Hello world, I'm rank 35 of 81 total ranks running on <nid004244>
Hello world, I'm rank 77 of 81 total ranks running on <nid004246>
Hello world, I'm rank 38 of 81 total ranks running on <nid004244>
Hello world, I'm rank 72 of 81 total ranks running on <nid004246>
Hello world, I'm rank 31 of 81 total ranks running on <nid004244>
Hello world, I'm rank 76 of 81 total ranks running on <nid004246>
Hello world, I'm rank 61 of 81 total ranks running on <nid004246>
Hello world, I'm rank 36 of 81 total ranks running on <nid004244>
Hello world, I'm rank 78 of 81 total ranks running on <nid004246>
Hello world, I'm rank 37 of 81 total ranks running on <nid004244>
Hello world, I'm rank 30 of 81 total ranks running on <nid004244>
Hello world, I'm rank 51 of 81 total ranks running on <nid004245>
Hello world, I'm rank 23 of 81 total ranks running on <nid004244>
Hello world, I'm rank 74 of 81 total ranks running on <nid004246>
Hello world, I'm rank 27 of 81 total ranks running on <nid004244>
 srun -n 81 ./mpi_2dmesh -i ../data/zebra-gray-int8-4x -x 7112 -y 5146 -g 3  
srun: Job 18114093 step creation temporarily disabled, retrying (Requested nodes are busy)
srun: Job 18114093 step creation still disabled, retrying (Requested nodes are busy)
srun: Job 18114093 step creation still disabled, retrying (Requested nodes are busy)
srun: Step created for StepId=18114093.23
Hello world, I'm rank 24 of 81 total ranks running on <nid004244>
Hello world, I'm rank 69 of 81 total ranks running on <nid004246>
Hello world, I'm rank 71 of 81 total ranks running on <nid004246>
Hello world, I'm rank 30 of 81 total ranks running on <nid004244>
Hello world, I'm rank 7 of 81 total ranks running on <nid004243>
Hello world, I'm rank 35 of 81 total ranks running on <nid004244>
Hello world, I'm rank 59 of 81 total ranks running on <nid004245>
Hello world, I'm rank 68 of 81 total ranks running on <nid004246>
Hello world, I'm rank 27 of 81 total ranks running on <nid004244>
Hello world, I'm rank 46 of 81 total ranks running on <nid004245>
Hello world, I'm rank 43 of 81 total ranks running on <nid004245>
Hello world, I'm rank 45 of 81 total ranks running on <nid004245>
Hello world, I'm rank 65 of 81 total ranks running on <nid004246>
Hello world, I'm rank 5 of 81 total ranks running on <nid004243>
Hello world, I'm rank 1 of 81 total ranks running on <nid004243>
Hello world, I'm rank 20 of 81 total ranks running on <nid004243>
Hello world, I'm rank 66 of 81 total ranks running on <nid004246>
Hello world, I'm rank 42 of 81 total ranks running on <nid004245>
Hello world, I'm rank 75 of 81 total ranks running on <nid004246>
Hello world, I'm rank 29 of 81 total ranks running on <nid004244>
Hello world, I'm rank 64 of 81 total ranks running on <nid004246>
Hello world, I'm rank 79 of 81 total ranks running on <nid004246>
Hello world, I'm rank 76 of 81 total ranks running on <nid004246>
Hello world, I'm rank 18 of 81 total ranks running on <nid004243>
Hello world, I'm rank 2 of 81 total ranks running on <nid004243>
Hello world, I'm rank 11 of 81 total ranks running on <nid004243>
Hello world, I'm rank 13 of 81 total ranks running on <nid004243>
Hello world, I'm rank 14 of 81 total ranks running on <nid004243>
Hello world, I'm rank 32 of 81 total ranks running on <nid004244>
Hello world, I'm rank 33 of 81 total ranks running on <nid004244>
Hello world, I'm rank 77 of 81 total ranks running on <nid004246>
Hello world, I'm rank 61 of 81 total ranks running on <nid004246>
Hello world, I'm rank 10 of 81 total ranks running on <nid004243>
Hello world, I'm rank 73 of 81 total ranks running on <nid004246>
Hello world, I'm rank 54 of 81 total ranks running on <nid004245>
Hello world, I'm rank 38 of 81 total ranks running on <nid004244>
Hello world, I'm rank 70 of 81 total ranks running on <nid004246>
Hello world, I'm rank 9 of 81 total ranks running on <nid004243>
Hello world, I'm rank 39 of 81 total ranks running on <nid004244>
Hello world, I'm rank 72 of 81 total ranks running on <nid004246>
Hello world, I'm rank 80 of 81 total ranks running on <nid004246>
Hello world, I'm rank 63 of 81 total ranks running on <nid004246>
Hello world, I'm rank 28 of 81 total ranks running on <nid004244>
Hello world, I'm rank 19 of 81 total ranks running on <nid004243>
Hello world, I'm rank 40 of 81 total ranks running on <nid004244>
Hello world, I'm rank 50 of 81 total ranks running on <nid004245>
Hello world, I'm rank 31 of 81 total ranks running on <nid004244>
Hello world, I'm rank 4 of 81 total ranks running on <nid004243>
Hello world, I'm rank 8 of 81 total ranks running on <nid004243>
Hello world, I'm rank 55 of 81 total ranks running on <nid004245>
Hello world, I'm rank 6 of 81 total ranks running on <nid004243>
Hello world, I'm rank 3 of 81 total ranks running on <nid004243>
Hello world, I'm rank 62 of 81 total ranks running on <nid004246>
Hello world, I'm rank 58 of 81 total ranks running on <nid004245>
Hello world, I'm rank 67 of 81 total ranks running on <nid004246>
Hello world, I'm rank 74 of 81 total ranks running on <nid004246>
Hello world, I'm rank 53 of 81 total ranks running on <nid004245>
Hello world, I'm rank 52 of 81 total ranks running on <nid004245>
Hello world, I'm rank 60 of 81 total ranks running on <nid004245>
Hello world, I'm rank 17 of 81 total ranks running on <nid004243>
Hello world, I'm rank 49 of 81 total ranks running on <nid004245>
Hello world, I'm rank 48 of 81 total ranks running on <nid004245>
Hello world, I'm rank 57 of 81 total ranks running on <nid004245>
Hello world, I'm rank 0 of 81 total ranks running on <nid004243>


Timing results from rank 0: 
	Scatter time:	32.8305 (ms) 
	Sobel time:	3.1449 (ms) 
	Gather time:	28.1709 (ms) 
Hello world, I'm rank 47 of 81 total ranks running on <nid004245>
Hello world, I'm rank 15 of 81 total ranks running on <nid004243>
Hello world, I'm rank 41 of 81 total ranks running on <nid004245>
Hello world, I'm rank 12 of 81 total ranks running on <nid004243>
Hello world, I'm rank 44 of 81 total ranks running on <nid004245>
Hello world, I'm rank 51 of 81 total ranks running on <nid004245>
Hello world, I'm rank 78 of 81 total ranks running on <nid004246>
Hello world, I'm rank 26 of 81 total ranks running on <nid004244>
Hello world, I'm rank 56 of 81 total ranks running on <nid004245>
Hello world, I'm rank 16 of 81 total ranks running on <nid004243>
Hello world, I'm rank 36 of 81 total ranks running on <nid004244>
Hello world, I'm rank 37 of 81 total ranks running on <nid004244>
Hello world, I'm rank 22 of 81 total ranks running on <nid004244>
Hello world, I'm rank 23 of 81 total ranks running on <nid004244>
Hello world, I'm rank 34 of 81 total ranks running on <nid004244>
Hello world, I'm rank 21 of 81 total ranks running on <nid004244>
Hello world, I'm rank 25 of 81 total ranks running on <nid004244>
