The system is: Linux - 5.14.21-150400.24.81_12.0.86-cray_shasta_c - x86_64
Compiling the CXX compiler identification source file "CMakeCXXCompilerId.cpp" succeeded.
Compiler: /opt/cray/pe/gcc/11.2.0/bin/c++ 
Build flags: 
Id flags:  

The output was:
0


Compilation of the CXX compiler identification source "CMakeCXXCompilerId.cpp" produced "a.out"

The CXX compiler identification is GNU, found in "/pscratch/sd/d/david/mpi_2dmesh_harness_instructional/build/CMakeFiles/3.20.4/CompilerIdCXX/a.out"

Detecting CXX compiler ABI info compiled with the following output:
Change Dir: /pscratch/sd/d/david/mpi_2dmesh_harness_instructional/build/CMakeFiles/CMakeTmp

Run Build Command(s):/usr/bin/gmake -f Makefile cmTC_aeabb/fast && /usr/bin/gmake  -f CMakeFiles/cmTC_aeabb.dir/build.make CMakeFiles/cmTC_aeabb.dir/build
gmake[1]: Entering directory '/pscratch/sd/d/david/mpi_2dmesh_harness_instructional/build/CMakeFiles/CMakeTmp'
Building CXX object CMakeFiles/cmTC_aeabb.dir/CMakeCXXCompilerABI.cpp.o
/opt/cray/pe/gcc/11.2.0/bin/c++   -v -o CMakeFiles/cmTC_aeabb.dir/CMakeCXXCompilerABI.cpp.o -c /usr/share/cmake/Modules/CMakeCXXCompilerABI.cpp
Using built-in specs.
COLLECT_GCC=/opt/cray/pe/gcc/11.2.0/bin/../snos/bin/c++
Target: x86_64-suse-linux
Configured with: ../cpe-gcc-11.2.0-202108140355.9bf1fd589a5c1/configure --prefix=/opt/cray/pe/gcc/11.2.0/snos --disable-nls --libdir=/opt/cray/pe/gcc/11.2.0/snos/lib --enable-languages=c,c++,fortran --with-gxx-include-dir=/opt/cray/pe/gcc/11.2.0/snos/include/g++ --with-slibdir=/opt/cray/pe/gcc/11.2.0/snos/lib --with-system-zlib --enable-shared --enable-__cxa_atexit --build=x86_64-suse-linux --with-ppl --with-cloog --disable-multilib
Thread model: posix
Supported LTO compression algorithms: zlib
gcc version 11.2.0 20210728 (Cray Inc.) (GCC) 
COLLECT_GCC_OPTIONS='-v' '-o' 'CMakeFiles/cmTC_aeabb.dir/CMakeCXXCompilerABI.cpp.o' '-c' '-shared-libgcc' '-mtune=generic' '-march=x86-64' '-dumpdir' 'CMakeFiles/cmTC_aeabb.dir/'
 /opt/cray/pe/gcc/11.2.0/snos/libexec/gcc/x86_64-suse-linux/11.2.0/cc1plus -quiet -v -D_GNU_SOURCE /usr/share/cmake/Modules/CMakeCXXCompilerABI.cpp -quiet -dumpdir CMakeFiles/cmTC_aeabb.dir/ -dumpbase CMakeCXXCompilerABI.cpp.cpp -dumpbase-ext .cpp -mtune=generic -march=x86-64 -version -o /tmp/cc8FqGKX.s
GNU C++17 (GCC) version 11.2.0 20210728 (Cray Inc.) (x86_64-suse-linux)
	compiled by GNU C version 11.2.0 20210728 (Cray Inc.), GMP version 6.0.0, MPFR version 3.1.3, MPC version 1.0.3, isl version isl-0.15-GMP

GGC heuristics: --param ggc-min-expand=100 --param ggc-min-heapsize=131072
ignoring nonexistent directory "/opt/cray/pe/gcc/11.2.0/snos/lib/gcc/x86_64-suse-linux/11.2.0/../../../../x86_64-suse-linux/include"
#include "..." search starts here:
#include <...> search starts here:
 /opt/cray/pe/gcc/11.2.0/snos/include/g++
 /opt/cray/pe/gcc/11.2.0/snos/include/g++/x86_64-suse-linux
 /opt/cray/pe/gcc/11.2.0/snos/include/g++/backward
 /opt/cray/pe/gcc/11.2.0/snos/lib/gcc/x86_64-suse-linux/11.2.0/include
 /usr/local/include
 /opt/cray/pe/gcc/11.2.0/snos/include
 /opt/cray/pe/gcc/11.2.0/snos/lib/gcc/x86_64-suse-linux/11.2.0/include-fixed
 /usr/include
End of search list.
GNU C++17 (GCC) version 11.2.0 20210728 (Cray Inc.) (x86_64-suse-linux)
	compiled by GNU C version 11.2.0 20210728 (Cray Inc.), GMP version 6.0.0, MPFR version 3.1.3, MPC version 1.0.3, isl version isl-0.15-GMP

GGC heuristics: --param ggc-min-expand=100 --param ggc-min-heapsize=131072
Compiler executable checksum: 3d4a383112e4401915c216e400980bff
COLLECT_GCC_OPTIONS='-v' '-o' 'CMakeFiles/cmTC_aeabb.dir/CMakeCXXCompilerABI.cpp.o' '-c' '-shared-libgcc' '-mtune=generic' '-march=x86-64' '-dumpdir' 'CMakeFiles/cmTC_aeabb.dir/'
 as -v --64 -o CMakeFiles/cmTC_aeabb.dir/CMakeCXXCompilerABI.cpp.o /tmp/cc8FqGKX.s
GNU assembler version 2.39.0 (x86_64-suse-linux) using BFD version (GNU Binutils; SUSE Linux Enterprise 15) 2.39.0.20220810-150100.7.43
COMPILER_PATH=/opt/cray/pe/gcc/11.2.0/snos/libexec/gcc/x86_64-suse-linux/11.2.0/:/opt/cray/pe/gcc/11.2.0/snos/libexec/gcc/x86_64-suse-linux/11.2.0/:/opt/cray/pe/gcc/11.2.0/snos/libexec/gcc/x86_64-suse-linux/:/opt/cray/pe/gcc/11.2.0/snos/lib/gcc/x86_64-suse-linux/11.2.0/:/opt/cray/pe/gcc/11.2.0/snos/lib/gcc/x86_64-suse-linux/
LIBRARY_PATH=/opt/cray/pe/gcc/11.2.0/snos/lib/gcc/x86_64-suse-linux/11.2.0/:/opt/cray/pe/gcc/11.2.0/snos/lib/gcc/x86_64-suse-linux/11.2.0/../../../../lib64/:/lib/../lib64/:/usr/lib/../lib64/:/opt/cray/pe/gcc/11.2.0/snos/lib/gcc/x86_64-suse-linux/11.2.0/../../../:/lib/:/usr/lib/
COLLECT_GCC_OPTIONS='-v' '-o' 'CMakeFiles/cmTC_aeabb.dir/CMakeCXXCompilerABI.cpp.o' '-c' '-shared-libgcc' '-mtune=generic' '-march=x86-64' '-dumpdir' 'CMakeFiles/cmTC_aeabb.dir/CMakeCXXCompilerABI.cpp.'
Linking CXX executable cmTC_aeabb
/usr/bin/cmake -E cmake_link_script CMakeFiles/cmTC_aeabb.dir/link.txt --verbose=1
/opt/cray/pe/gcc/11.2.0/bin/c++  -v CMakeFiles/cmTC_aeabb.dir/CMakeCXXCompilerABI.cpp.o -o cmTC_aeabb 
Using built-in specs.
COLLECT_GCC=/opt/cray/pe/gcc/11.2.0/bin/../snos/bin/c++
COLLECT_LTO_WRAPPER=/opt/cray/pe/gcc/11.2.0/snos/libexec/gcc/x86_64-suse-linux/11.2.0/lto-wrapper
Target: x86_64-suse-linux
Configured with: ../cpe-gcc-11.2.0-202108140355.9bf1fd589a5c1/configure --prefix=/opt/cray/pe/gcc/11.2.0/snos --disable-nls --libdir=/opt/cray/pe/gcc/11.2.0/snos/lib --enable-languages=c,c++,fortran --with-gxx-include-dir=/opt/cray/pe/gcc/11.2.0/snos/include/g++ --with-slibdir=/opt/cray/pe/gcc/11.2.0/snos/lib --with-system-zlib --enable-shared --enable-__cxa_atexit --build=x86_64-suse-linux --with-ppl --with-cloog --disable-multilib
Thread model: posix
Supported LTO compression algorithms: zlib
gcc version 11.2.0 20210728 (Cray Inc.) (GCC) 
COMPILER_PATH=/opt/cray/pe/gcc/11.2.0/snos/libexec/gcc/x86_64-suse-linux/11.2.0/:/opt/cray/pe/gcc/11.2.0/snos/libexec/gcc/x86_64-suse-linux/11.2.0/:/opt/cray/pe/gcc/11.2.0/snos/libexec/gcc/x86_64-suse-linux/:/opt/cray/pe/gcc/11.2.0/snos/lib/gcc/x86_64-suse-linux/11.2.0/:/opt/cray/pe/gcc/11.2.0/snos/lib/gcc/x86_64-suse-linux/
LIBRARY_PATH=/opt/cray/pe/gcc/11.2.0/snos/lib/gcc/x86_64-suse-linux/11.2.0/:/opt/cray/pe/gcc/11.2.0/snos/lib/gcc/x86_64-suse-linux/11.2.0/../../../../lib64/:/lib/../lib64/:/usr/lib/../lib64/:/opt/cray/pe/gcc/11.2.0/snos/lib/gcc/x86_64-suse-linux/11.2.0/../../../:/lib/:/usr/lib/
COLLECT_GCC_OPTIONS='-v' '-o' 'cmTC_aeabb' '-shared-libgcc' '-mtune=generic' '-march=x86-64' '-dumpdir' 'cmTC_aeabb.'
 /opt/cray/pe/gcc/11.2.0/snos/libexec/gcc/x86_64-suse-linux/11.2.0/collect2 -plugin /opt/cray/pe/gcc/11.2.0/snos/libexec/gcc/x86_64-suse-linux/11.2.0/liblto_plugin.so -plugin-opt=/opt/cray/pe/gcc/11.2.0/snos/libexec/gcc/x86_64-suse-linux/11.2.0/lto-wrapper -plugin-opt=-fresolution=/tmp/ccry4Lzz.res -plugin-opt=-pass-through=-lgcc_s -plugin-opt=-pass-through=-lgcc -plugin-opt=-pass-through=-lc -plugin-opt=-pass-through=-lgcc_s -plugin-opt=-pass-through=-lgcc --eh-frame-hdr -m elf_x86_64 -dynamic-linker /lib64/ld-linux-x86-64.so.2 -o cmTC_aeabb /usr/lib/../lib64/crt1.o /usr/lib/../lib64/crti.o /opt/cray/pe/gcc/11.2.0/snos/lib/gcc/x86_64-suse-linux/11.2.0/crtbegin.o -L/opt/cray/pe/gcc/11.2.0/snos/lib/gcc/x86_64-suse-linux/11.2.0 -L/opt/cray/pe/gcc/11.2.0/snos/lib/gcc/x86_64-suse-linux/11.2.0/../../../../lib64 -L/lib/../lib64 -L/usr/lib/../lib64 -L/opt/cray/pe/gcc/11.2.0/snos/lib/gcc/x86_64-suse-linux/11.2.0/../../.. CMakeFiles/cmTC_aeabb.dir/CMakeCXXCompilerABI.cpp.o -lstdc++ -lm -lgcc_s -lgcc -lc -lgcc_s -lgcc /opt/cray/pe/gcc/11.2.0/snos/lib/gcc/x86_64-suse-linux/11.2.0/crtend.o /usr/lib/../lib64/crtn.o
COLLECT_GCC_OPTIONS='-v' '-o' 'cmTC_aeabb' '-shared-libgcc' '-mtune=generic' '-march=x86-64' '-dumpdir' 'cmTC_aeabb.'
gmake[1]: Leaving directory '/pscratch/sd/d/david/mpi_2dmesh_harness_instructional/build/CMakeFiles/CMakeTmp'



Parsed CXX implicit include dir info from above output: rv=done
  found start of include info
  found start of implicit include info
    add: [/opt/cray/pe/gcc/11.2.0/snos/include/g++]
    add: [/opt/cray/pe/gcc/11.2.0/snos/include/g++/x86_64-suse-linux]
    add: [/opt/cray/pe/gcc/11.2.0/snos/include/g++/backward]
    add: [/opt/cray/pe/gcc/11.2.0/snos/lib/gcc/x86_64-suse-linux/11.2.0/include]
    add: [/usr/local/include]
    add: [/opt/cray/pe/gcc/11.2.0/snos/include]
    add: [/opt/cray/pe/gcc/11.2.0/snos/lib/gcc/x86_64-suse-linux/11.2.0/include-fixed]
    add: [/usr/include]
  end of search list found
  collapse include dir [/opt/cray/pe/gcc/11.2.0/snos/include/g++] ==> [/opt/cray/pe/gcc/11.2.0/snos/include/g++]
  collapse include dir [/opt/cray/pe/gcc/11.2.0/snos/include/g++/x86_64-suse-linux] ==> [/opt/cray/pe/gcc/11.2.0/snos/include/g++/x86_64-suse-linux]
  collapse include dir [/opt/cray/pe/gcc/11.2.0/snos/include/g++/backward] ==> [/opt/cray/pe/gcc/11.2.0/snos/include/g++/backward]
  collapse include dir [/opt/cray/pe/gcc/11.2.0/snos/lib/gcc/x86_64-suse-linux/11.2.0/include] ==> [/opt/cray/pe/gcc/11.2.0/snos/lib/gcc/x86_64-suse-linux/11.2.0/include]
  collapse include dir [/usr/local/include] ==> [/usr/local/include]
  collapse include dir [/opt/cray/pe/gcc/11.2.0/snos/include] ==> [/opt/cray/pe/gcc/11.2.0/snos/include]
  collapse include dir [/opt/cray/pe/gcc/11.2.0/snos/lib/gcc/x86_64-suse-linux/11.2.0/include-fixed] ==> [/opt/cray/pe/gcc/11.2.0/snos/lib/gcc/x86_64-suse-linux/11.2.0/include-fixed]
  collapse include dir [/usr/include] ==> [/usr/include]
  implicit include dirs: [/opt/cray/pe/gcc/11.2.0/snos/include/g++;/opt/cray/pe/gcc/11.2.0/snos/include/g++/x86_64-suse-linux;/opt/cray/pe/gcc/11.2.0/snos/include/g++/backward;/opt/cray/pe/gcc/11.2.0/snos/lib/gcc/x86_64-suse-linux/11.2.0/include;/usr/local/include;/opt/cray/pe/gcc/11.2.0/snos/include;/opt/cray/pe/gcc/11.2.0/snos/lib/gcc/x86_64-suse-linux/11.2.0/include-fixed;/usr/include]


Parsed CXX implicit link information from above output:
  link line regex: [^( *|.*[/\])(ld|CMAKE_LINK_STARTFILE-NOTFOUND|([^/\]+-)?ld|collect2)[^/\]*( |$)]
  ignore line: [Change Dir: /pscratch/sd/d/david/mpi_2dmesh_harness_instructional/build/CMakeFiles/CMakeTmp]
  ignore line: []
  ignore line: [Run Build Command(s):/usr/bin/gmake -f Makefile cmTC_aeabb/fast && /usr/bin/gmake  -f CMakeFiles/cmTC_aeabb.dir/build.make CMakeFiles/cmTC_aeabb.dir/build]
  ignore line: [gmake[1]: Entering directory '/pscratch/sd/d/david/mpi_2dmesh_harness_instructional/build/CMakeFiles/CMakeTmp']
  ignore line: [Building CXX object CMakeFiles/cmTC_aeabb.dir/CMakeCXXCompilerABI.cpp.o]
  ignore line: [/opt/cray/pe/gcc/11.2.0/bin/c++   -v -o CMakeFiles/cmTC_aeabb.dir/CMakeCXXCompilerABI.cpp.o -c /usr/share/cmake/Modules/CMakeCXXCompilerABI.cpp]
  ignore line: [Using built-in specs.]
  ignore line: [COLLECT_GCC=/opt/cray/pe/gcc/11.2.0/bin/../snos/bin/c++]
  ignore line: [Target: x86_64-suse-linux]
  ignore line: [Configured with: ../cpe-gcc-11.2.0-202108140355.9bf1fd589a5c1/configure --prefix=/opt/cray/pe/gcc/11.2.0/snos --disable-nls --libdir=/opt/cray/pe/gcc/11.2.0/snos/lib --enable-languages=c c++ fortran --with-gxx-include-dir=/opt/cray/pe/gcc/11.2.0/snos/include/g++ --with-slibdir=/opt/cray/pe/gcc/11.2.0/snos/lib --with-system-zlib --enable-shared --enable-__cxa_atexit --build=x86_64-suse-linux --with-ppl --with-cloog --disable-multilib]
  ignore line: [Thread model: posix]
  ignore line: [Supported LTO compression algorithms: zlib]
  ignore line: [gcc version 11.2.0 20210728 (Cray Inc.) (GCC) ]
  ignore line: [COLLECT_GCC_OPTIONS='-v' '-o' 'CMakeFiles/cmTC_aeabb.dir/CMakeCXXCompilerABI.cpp.o' '-c' '-shared-libgcc' '-mtune=generic' '-march=x86-64' '-dumpdir' 'CMakeFiles/cmTC_aeabb.dir/']
  ignore line: [ /opt/cray/pe/gcc/11.2.0/snos/libexec/gcc/x86_64-suse-linux/11.2.0/cc1plus -quiet -v -D_GNU_SOURCE /usr/share/cmake/Modules/CMakeCXXCompilerABI.cpp -quiet -dumpdir CMakeFiles/cmTC_aeabb.dir/ -dumpbase CMakeCXXCompilerABI.cpp.cpp -dumpbase-ext .cpp -mtune=generic -march=x86-64 -version -o /tmp/cc8FqGKX.s]
  ignore line: [GNU C++17 (GCC) version 11.2.0 20210728 (Cray Inc.) (x86_64-suse-linux)]
  ignore line: [	compiled by GNU C version 11.2.0 20210728 (Cray Inc.)  GMP version 6.0.0  MPFR version 3.1.3  MPC version 1.0.3  isl version isl-0.15-GMP]
  ignore line: []
  ignore line: [GGC heuristics: --param ggc-min-expand=100 --param ggc-min-heapsize=131072]
  ignore line: [ignoring nonexistent directory "/opt/cray/pe/gcc/11.2.0/snos/lib/gcc/x86_64-suse-linux/11.2.0/../../../../x86_64-suse-linux/include"]
  ignore line: [#include "..." search starts here:]
  ignore line: [#include <...> search starts here:]
  ignore line: [ /opt/cray/pe/gcc/11.2.0/snos/include/g++]
  ignore line: [ /opt/cray/pe/gcc/11.2.0/snos/include/g++/x86_64-suse-linux]
  ignore line: [ /opt/cray/pe/gcc/11.2.0/snos/include/g++/backward]
  ignore line: [ /opt/cray/pe/gcc/11.2.0/snos/lib/gcc/x86_64-suse-linux/11.2.0/include]
  ignore line: [ /usr/local/include]
  ignore line: [ /opt/cray/pe/gcc/11.2.0/snos/include]
  ignore line: [ /opt/cray/pe/gcc/11.2.0/snos/lib/gcc/x86_64-suse-linux/11.2.0/include-fixed]
  ignore line: [ /usr/include]
  ignore line: [End of search list.]
  ignore line: [GNU C++17 (GCC) version 11.2.0 20210728 (Cray Inc.) (x86_64-suse-linux)]
  ignore line: [	compiled by GNU C version 11.2.0 20210728 (Cray Inc.)  GMP version 6.0.0  MPFR version 3.1.3  MPC version 1.0.3  isl version isl-0.15-GMP]
  ignore line: []
  ignore line: [GGC heuristics: --param ggc-min-expand=100 --param ggc-min-heapsize=131072]
  ignore line: [Compiler executable checksum: 3d4a383112e4401915c216e400980bff]
  ignore line: [COLLECT_GCC_OPTIONS='-v' '-o' 'CMakeFiles/cmTC_aeabb.dir/CMakeCXXCompilerABI.cpp.o' '-c' '-shared-libgcc' '-mtune=generic' '-march=x86-64' '-dumpdir' 'CMakeFiles/cmTC_aeabb.dir/']
  ignore line: [ as -v --64 -o CMakeFiles/cmTC_aeabb.dir/CMakeCXXCompilerABI.cpp.o /tmp/cc8FqGKX.s]
  ignore line: [GNU assembler version 2.39.0 (x86_64-suse-linux) using BFD version (GNU Binutils]
  ignore line: [ SUSE Linux Enterprise 15) 2.39.0.20220810-150100.7.43]
  ignore line: [COMPILER_PATH=/opt/cray/pe/gcc/11.2.0/snos/libexec/gcc/x86_64-suse-linux/11.2.0/:/opt/cray/pe/gcc/11.2.0/snos/libexec/gcc/x86_64-suse-linux/11.2.0/:/opt/cray/pe/gcc/11.2.0/snos/libexec/gcc/x86_64-suse-linux/:/opt/cray/pe/gcc/11.2.0/snos/lib/gcc/x86_64-suse-linux/11.2.0/:/opt/cray/pe/gcc/11.2.0/snos/lib/gcc/x86_64-suse-linux/]
  ignore line: [LIBRARY_PATH=/opt/cray/pe/gcc/11.2.0/snos/lib/gcc/x86_64-suse-linux/11.2.0/:/opt/cray/pe/gcc/11.2.0/snos/lib/gcc/x86_64-suse-linux/11.2.0/../../../../lib64/:/lib/../lib64/:/usr/lib/../lib64/:/opt/cray/pe/gcc/11.2.0/snos/lib/gcc/x86_64-suse-linux/11.2.0/../../../:/lib/:/usr/lib/]
  ignore line: [COLLECT_GCC_OPTIONS='-v' '-o' 'CMakeFiles/cmTC_aeabb.dir/CMakeCXXCompilerABI.cpp.o' '-c' '-shared-libgcc' '-mtune=generic' '-march=x86-64' '-dumpdir' 'CMakeFiles/cmTC_aeabb.dir/CMakeCXXCompilerABI.cpp.']
  ignore line: [Linking CXX executable cmTC_aeabb]
  ignore line: [/usr/bin/cmake -E cmake_link_script CMakeFiles/cmTC_aeabb.dir/link.txt --verbose=1]
  ignore line: [/opt/cray/pe/gcc/11.2.0/bin/c++  -v CMakeFiles/cmTC_aeabb.dir/CMakeCXXCompilerABI.cpp.o -o cmTC_aeabb ]
  ignore line: [Using built-in specs.]
  ignore line: [COLLECT_GCC=/opt/cray/pe/gcc/11.2.0/bin/../snos/bin/c++]
  ignore line: [COLLECT_LTO_WRAPPER=/opt/cray/pe/gcc/11.2.0/snos/libexec/gcc/x86_64-suse-linux/11.2.0/lto-wrapper]
  ignore line: [Target: x86_64-suse-linux]
  ignore line: [Configured with: ../cpe-gcc-11.2.0-202108140355.9bf1fd589a5c1/configure --prefix=/opt/cray/pe/gcc/11.2.0/snos --disable-nls --libdir=/opt/cray/pe/gcc/11.2.0/snos/lib --enable-languages=c c++ fortran --with-gxx-include-dir=/opt/cray/pe/gcc/11.2.0/snos/include/g++ --with-slibdir=/opt/cray/pe/gcc/11.2.0/snos/lib --with-system-zlib --enable-shared --enable-__cxa_atexit --build=x86_64-suse-linux --with-ppl --with-cloog --disable-multilib]
  ignore line: [Thread model: posix]
  ignore line: [Supported LTO compression algorithms: zlib]
  ignore line: [gcc version 11.2.0 20210728 (Cray Inc.) (GCC) ]
  ignore line: [COMPILER_PATH=/opt/cray/pe/gcc/11.2.0/snos/libexec/gcc/x86_64-suse-linux/11.2.0/:/opt/cray/pe/gcc/11.2.0/snos/libexec/gcc/x86_64-suse-linux/11.2.0/:/opt/cray/pe/gcc/11.2.0/snos/libexec/gcc/x86_64-suse-linux/:/opt/cray/pe/gcc/11.2.0/snos/lib/gcc/x86_64-suse-linux/11.2.0/:/opt/cray/pe/gcc/11.2.0/snos/lib/gcc/x86_64-suse-linux/]
  ignore line: [LIBRARY_PATH=/opt/cray/pe/gcc/11.2.0/snos/lib/gcc/x86_64-suse-linux/11.2.0/:/opt/cray/pe/gcc/11.2.0/snos/lib/gcc/x86_64-suse-linux/11.2.0/../../../../lib64/:/lib/../lib64/:/usr/lib/../lib64/:/opt/cray/pe/gcc/11.2.0/snos/lib/gcc/x86_64-suse-linux/11.2.0/../../../:/lib/:/usr/lib/]
  ignore line: [COLLECT_GCC_OPTIONS='-v' '-o' 'cmTC_aeabb' '-shared-libgcc' '-mtune=generic' '-march=x86-64' '-dumpdir' 'cmTC_aeabb.']
  link line: [ /opt/cray/pe/gcc/11.2.0/snos/libexec/gcc/x86_64-suse-linux/11.2.0/collect2 -plugin /opt/cray/pe/gcc/11.2.0/snos/libexec/gcc/x86_64-suse-linux/11.2.0/liblto_plugin.so -plugin-opt=/opt/cray/pe/gcc/11.2.0/snos/libexec/gcc/x86_64-suse-linux/11.2.0/lto-wrapper -plugin-opt=-fresolution=/tmp/ccry4Lzz.res -plugin-opt=-pass-through=-lgcc_s -plugin-opt=-pass-through=-lgcc -plugin-opt=-pass-through=-lc -plugin-opt=-pass-through=-lgcc_s -plugin-opt=-pass-through=-lgcc --eh-frame-hdr -m elf_x86_64 -dynamic-linker /lib64/ld-linux-x86-64.so.2 -o cmTC_aeabb /usr/lib/../lib64/crt1.o /usr/lib/../lib64/crti.o /opt/cray/pe/gcc/11.2.0/snos/lib/gcc/x86_64-suse-linux/11.2.0/crtbegin.o -L/opt/cray/pe/gcc/11.2.0/snos/lib/gcc/x86_64-suse-linux/11.2.0 -L/opt/cray/pe/gcc/11.2.0/snos/lib/gcc/x86_64-suse-linux/11.2.0/../../../../lib64 -L/lib/../lib64 -L/usr/lib/../lib64 -L/opt/cray/pe/gcc/11.2.0/snos/lib/gcc/x86_64-suse-linux/11.2.0/../../.. CMakeFiles/cmTC_aeabb.dir/CMakeCXXCompilerABI.cpp.o -lstdc++ -lm -lgcc_s -lgcc -lc -lgcc_s -lgcc /opt/cray/pe/gcc/11.2.0/snos/lib/gcc/x86_64-suse-linux/11.2.0/crtend.o /usr/lib/../lib64/crtn.o]
    arg [/opt/cray/pe/gcc/11.2.0/snos/libexec/gcc/x86_64-suse-linux/11.2.0/collect2] ==> ignore
    arg [-plugin] ==> ignore
    arg [/opt/cray/pe/gcc/11.2.0/snos/libexec/gcc/x86_64-suse-linux/11.2.0/liblto_plugin.so] ==> ignore
    arg [-plugin-opt=/opt/cray/pe/gcc/11.2.0/snos/libexec/gcc/x86_64-suse-linux/11.2.0/lto-wrapper] ==> ignore
    arg [-plugin-opt=-fresolution=/tmp/ccry4Lzz.res] ==> ignore
    arg [-plugin-opt=-pass-through=-lgcc_s] ==> ignore
    arg [-plugin-opt=-pass-through=-lgcc] ==> ignore
    arg [-plugin-opt=-pass-through=-lc] ==> ignore
    arg [-plugin-opt=-pass-through=-lgcc_s] ==> ignore
    arg [-plugin-opt=-pass-through=-lgcc] ==> ignore
    arg [--eh-frame-hdr] ==> ignore
    arg [-m] ==> ignore
    arg [elf_x86_64] ==> ignore
    arg [-dynamic-linker] ==> ignore
    arg [/lib64/ld-linux-x86-64.so.2] ==> ignore
    arg [-o] ==> ignore
    arg [cmTC_aeabb] ==> ignore
    arg [/usr/lib/../lib64/crt1.o] ==> obj [/usr/lib/../lib64/crt1.o]
    arg [/usr/lib/../lib64/crti.o] ==> obj [/usr/lib/../lib64/crti.o]
    arg [/opt/cray/pe/gcc/11.2.0/snos/lib/gcc/x86_64-suse-linux/11.2.0/crtbegin.o] ==> obj [/opt/cray/pe/gcc/11.2.0/snos/lib/gcc/x86_64-suse-linux/11.2.0/crtbegin.o]
    arg [-L/opt/cray/pe/gcc/11.2.0/snos/lib/gcc/x86_64-suse-linux/11.2.0] ==> dir [/opt/cray/pe/gcc/11.2.0/snos/lib/gcc/x86_64-suse-linux/11.2.0]
    arg [-L/opt/cray/pe/gcc/11.2.0/snos/lib/gcc/x86_64-suse-linux/11.2.0/../../../../lib64] ==> dir [/opt/cray/pe/gcc/11.2.0/snos/lib/gcc/x86_64-suse-linux/11.2.0/../../../../lib64]
    arg [-L/lib/../lib64] ==> dir [/lib/../lib64]
    arg [-L/usr/lib/../lib64] ==> dir [/usr/lib/../lib64]
    arg [-L/opt/cray/pe/gcc/11.2.0/snos/lib/gcc/x86_64-suse-linux/11.2.0/../../..] ==> dir [/opt/cray/pe/gcc/11.2.0/snos/lib/gcc/x86_64-suse-linux/11.2.0/../../..]
    arg [CMakeFiles/cmTC_aeabb.dir/CMakeCXXCompilerABI.cpp.o] ==> ignore
    arg [-lstdc++] ==> lib [stdc++]
    arg [-lm] ==> lib [m]
    arg [-lgcc_s] ==> lib [gcc_s]
    arg [-lgcc] ==> lib [gcc]
    arg [-lc] ==> lib [c]
    arg [-lgcc_s] ==> lib [gcc_s]
    arg [-lgcc] ==> lib [gcc]
    arg [/opt/cray/pe/gcc/11.2.0/snos/lib/gcc/x86_64-suse-linux/11.2.0/crtend.o] ==> obj [/opt/cray/pe/gcc/11.2.0/snos/lib/gcc/x86_64-suse-linux/11.2.0/crtend.o]
    arg [/usr/lib/../lib64/crtn.o] ==> obj [/usr/lib/../lib64/crtn.o]
  collapse obj [/usr/lib/../lib64/crt1.o] ==> [/usr/lib64/crt1.o]
  collapse obj [/usr/lib/../lib64/crti.o] ==> [/usr/lib64/crti.o]
  collapse obj [/usr/lib/../lib64/crtn.o] ==> [/usr/lib64/crtn.o]
  collapse library dir [/opt/cray/pe/gcc/11.2.0/snos/lib/gcc/x86_64-suse-linux/11.2.0] ==> [/opt/cray/pe/gcc/11.2.0/snos/lib/gcc/x86_64-suse-linux/11.2.0]
  collapse library dir [/opt/cray/pe/gcc/11.2.0/snos/lib/gcc/x86_64-suse-linux/11.2.0/../../../../lib64] ==> [/opt/cray/pe/gcc/11.2.0/snos/lib64]
  collapse library dir [/lib/../lib64] ==> [/lib64]
  collapse library dir [/usr/lib/../lib64] ==> [/usr/lib64]
  collapse library dir [/opt/cray/pe/gcc/11.2.0/snos/lib/gcc/x86_64-suse-linux/11.2.0/../../..] ==> [/opt/cray/pe/gcc/11.2.0/snos/lib]
  implicit libs: [stdc++;m;gcc_s;gcc;c;gcc_s;gcc]
  implicit objs: [/usr/lib64/crt1.o;/usr/lib64/crti.o;/opt/cray/pe/gcc/11.2.0/snos/lib/gcc/x86_64-suse-linux/11.2.0/crtbegin.o;/opt/cray/pe/gcc/11.2.0/snos/lib/gcc/x86_64-suse-linux/11.2.0/crtend.o;/usr/lib64/crtn.o]
  implicit dirs: [/opt/cray/pe/gcc/11.2.0/snos/lib/gcc/x86_64-suse-linux/11.2.0;/opt/cray/pe/gcc/11.2.0/snos/lib64;/lib64;/usr/lib64;/opt/cray/pe/gcc/11.2.0/snos/lib]
  implicit fwks: []


